<?xml version="1.0" ?>
<!DOCTYPE coverage SYSTEM "http://cobertura.sourceforge.net/xml/coverage-04.dtd">
<coverage lines-valid="344"  lines-covered="70"  line-rate="0.20350000000000001"  branches-valid="147"  branches-covered="2"  branch-rate="0.013600000000000001"  timestamp="1512388664398" complexity="0" version="0.1">
<sources>
	<source>C:\JDA\DX\_FY18\YOEMAN\generator-csebot</source>
</sources>
<packages>
	<package name="app"  line-rate="0.22219999999999998"  branch-rate="0.019799999999999998" >
	<classes>
		<class name="utility.js"  filename="generators\app\utility.js"  line-rate="0.22219999999999998"  branch-rate="0.019799999999999998" >
		<methods>
			<method name="(anonymous_1)"  hits="0"  signature="()V" >
				<lines><line number="13"  hits="0" /></lines>
			</method>
			<method name="(anonymous_2)"  hits="0"  signature="()V" >
				<lines><line number="19"  hits="0" /></lines>
			</method>
			<method name="addUserAgent"  hits="0"  signature="()V" >
				<lines><line number="44"  hits="0" /></lines>
			</method>
			<method name="getUserAgent"  hits="0"  signature="()V" >
				<lines><line number="49"  hits="0" /></lines>
			</method>
			<method name="reconcileValue"  hits="0"  signature="()V" >
				<lines><line number="53"  hits="0" /></lines>
			</method>
			<method name="getTargets"  hits="0"  signature="()V" >
				<lines><line number="65"  hits="0" /></lines>
			</method>
			<method name="(anonymous_7)"  hits="0"  signature="()V" >
				<lines><line number="67"  hits="0" /></lines>
			</method>
			<method name="(anonymous_8)"  hits="0"  signature="()V" >
				<lines><line number="70"  hits="0" /></lines>
			</method>
			<method name="getBotTypes"  hits="0"  signature="()V" >
				<lines><line number="114"  hits="0" /></lines>
			</method>
			<method name="getPATPrompt"  hits="0"  signature="()V" >
				<lines><line number="139"  hits="0" /></lines>
			</method>
			<method name="getInstancePrompt"  hits="0"  signature="()V" >
				<lines><line number="155"  hits="0" /></lines>
			</method>
			<method name="getDefaultPortMapping"  hits="0"  signature="()V" >
				<lines><line number="159"  hits="0" /></lines>
			</method>
			<method name="validateRequired"  hits="0"  signature="()V" >
				<lines><line number="180"  hits="0" /></lines>
			</method>
			<method name="validatePortMapping"  hits="0"  signature="()V" >
				<lines><line number="184"  hits="0" /></lines>
			</method>
			<method name="validateBotName"  hits="0"  signature="()V" >
				<lines><line number="192"  hits="0" /></lines>
			</method>
			<method name="validatePersonalAccessToken"  hits="0"  signature="()V" >
				<lines><line number="196"  hits="0" /></lines>
			</method>
			<method name="validateTFS"  hits="0"  signature="()V" >
				<lines><line number="200"  hits="0" /></lines>
			</method>
			<method name="validateAzureSub"  hits="0"  signature="()V" >
				<lines><line number="204"  hits="0" /></lines>
			</method>
			<method name="validateAzureSubID"  hits="0"  signature="()V" >
				<lines><line number="232"  hits="0" /></lines>
			</method>
			<method name="validateAzureTenantID"  hits="0"  signature="()V" >
				<lines><line number="236"  hits="0" /></lines>
			</method>
			<method name="validateServicePrincipalID"  hits="0"  signature="()V" >
				<lines><line number="240"  hits="0" /></lines>
			</method>
			<method name="validateServicePrincipalKey"  hits="0"  signature="()V" >
				<lines><line number="244"  hits="0" /></lines>
			</method>
			<method name="tokenize"  hits="0"  signature="()V" >
				<lines><line number="248"  hits="0" /></lines>
			</method>
			<method name="encodePat"  hits="0"  signature="()V" >
				<lines><line number="256"  hits="0" /></lines>
			</method>
			<method name="checkStatus"  hits="0"  signature="()V" >
				<lines><line number="268"  hits="0" /></lines>
			</method>
			<method name="(anonymous_26)"  hits="0"  signature="()V" >
				<lines><line number="283"  hits="0" /></lines>
			</method>
			<method name="getServiceEndpoint"  hits="0"  signature="()V" >
				<lines><line number="357"  hits="0" /></lines>
			</method>
			<method name="(anonymous_28)"  hits="0"  signature="()V" >
				<lines><line number="370"  hits="0" /></lines>
			</method>
			<method name="tryFindAzureServiceEndpoint"  hits="0"  signature="()V" >
				<lines><line number="438"  hits="0" /></lines>
			</method>
			<method name="(anonymous_30)"  hits="0"  signature="()V" >
				<lines><line number="444"  hits="0" /></lines>
			</method>
			<method name="findAzureServiceEndpoint"  hits="0"  signature="()V" >
				<lines><line number="453"  hits="0" /></lines>
			</method>
			<method name="(anonymous_32)"  hits="0"  signature="()V" >
				<lines><line number="474"  hits="0" /></lines>
			</method>
			<method name="(anonymous_33)"  hits="0"  signature="()V" >
				<lines><line number="477"  hits="0" /></lines>
			</method>
			<method name="findAzureSub"  hits="0"  signature="()V" >
				<lines><line number="493"  hits="0" /></lines>
			</method>
			<method name="(anonymous_35)"  hits="0"  signature="()V" >
				<lines><line number="506"  hits="0" /></lines>
			</method>
			<method name="(anonymous_36)"  hits="0"  signature="()V" >
				<lines><line number="509"  hits="0" /></lines>
			</method>
			<method name="tryFindProject"  hits="0"  signature="()V" >
				<lines><line number="517"  hits="0" /></lines>
			</method>
			<method name="(anonymous_38)"  hits="0"  signature="()V" >
				<lines><line number="523"  hits="0" /></lines>
			</method>
			<method name="findProject"  hits="0"  signature="()V" >
				<lines><line number="532"  hits="0" /></lines>
			</method>
			<method name="(anonymous_40)"  hits="0"  signature="()V" >
				<lines><line number="551"  hits="0" /></lines>
			</method>
			<method name="findQueue"  hits="0"  signature="()V" >
				<lines><line number="588"  hits="0" /></lines>
			</method>
			<method name="(anonymous_42)"  hits="0"  signature="()V" >
				<lines><line number="606"  hits="0" /></lines>
			</method>
			<method name="tryFindBuild"  hits="0"  signature="()V" >
				<lines><line number="624"  hits="0" /></lines>
			</method>
			<method name="(anonymous_44)"  hits="0"  signature="()V" >
				<lines><line number="627"  hits="0" /></lines>
			</method>
			<method name="findBuild"  hits="0"  signature="()V" >
				<lines><line number="636"  hits="0" /></lines>
			</method>
			<method name="(anonymous_46)"  hits="0"  signature="()V" >
				<lines><line number="653"  hits="0" /></lines>
			</method>
			<method name="(anonymous_47)"  hits="0"  signature="()V" >
				<lines><line number="656"  hits="0" /></lines>
			</method>
			<method name="tryFindRelease"  hits="0"  signature="()V" >
				<lines><line number="671"  hits="0" /></lines>
			</method>
			<method name="(anonymous_49)"  hits="0"  signature="()V" >
				<lines><line number="674"  hits="0" /></lines>
			</method>
			<method name="findRelease"  hits="0"  signature="()V" >
				<lines><line number="683"  hits="0" /></lines>
			</method>
			<method name="(anonymous_51)"  hits="0"  signature="()V" >
				<lines><line number="701"  hits="0" /></lines>
			</method>
			<method name="(anonymous_52)"  hits="0"  signature="()V" >
				<lines><line number="704"  hits="0" /></lines>
			</method>
			<method name="getAzureSubs"  hits="0"  signature="()V" >
				<lines><line number="719"  hits="0" /></lines>
			</method>
			<method name="(anonymous_54)"  hits="0"  signature="()V" >
				<lines><line number="734"  hits="0" /></lines>
			</method>
			<method name="(anonymous_55)"  hits="0"  signature="()V" >
				<lines><line number="735"  hits="0" /></lines>
			</method>
			<method name="getPools"  hits="0"  signature="()V" >
				<lines><line number="756"  hits="0" /></lines>
			</method>
			<method name="(anonymous_57)"  hits="0"  signature="()V" >
				<lines><line number="773"  hits="0" /></lines>
			</method>
			<method name="(anonymous_58)"  hits="0"  signature="()V" >
				<lines><line number="774"  hits="0" /></lines>
			</method>
			<method name="extractInstance"  hits="0"  signature="()V" >
				<lines><line number="790"  hits="0" /></lines>
			</method>
			<method name="needsRegistry"  hits="0"  signature="()V" >
				<lines><line number="810"  hits="0" /></lines>
			</method>
			<method name="isPaaS"  hits="0"  signature="()V" >
				<lines><line number="854"  hits="0" /></lines>
			</method>
			<method name="isVSTS"  hits="0"  signature="()V" >
				<lines><line number="872"  hits="0" /></lines>
			</method>
			<method name="isTFSGreaterThan2017"  hits="0"  signature="()V" >
				<lines><line number="879"  hits="0" /></lines>
			</method>
			<method name="(anonymous_64)"  hits="0"  signature="()V" >
				<lines><line number="894"  hits="0" /></lines>
			</method>
			<method name="getFullURL"  hits="0"  signature="()V" >
				<lines><line number="906"  hits="0" /></lines>
			</method>
		</methods>
		<lines>
			<line number="1"  hits="1"  branch="false" />
			<line number="2"  hits="1"  branch="false" />
			<line number="3"  hits="1"  branch="false" />
			<line number="5"  hits="1"  branch="false" />
			<line number="6"  hits="1"  branch="false" />
			<line number="7"  hits="1"  branch="false" />
			<line number="8"  hits="1"  branch="false" />
			<line number="9"  hits="1"  branch="false" />
			<line number="11"  hits="1"  branch="true"  condition-coverage="100% (2/2)" />
			<line number="13"  hits="1"  branch="false" />
			<line number="14"  hits="0"  branch="true"  condition-coverage="0% (0/2)" />
			<line number="15"  hits="0"  branch="false" />
			<line number="19"  hits="1"  branch="false" />
			<line number="20"  hits="0"  branch="false" />
			<line number="21"  hits="0"  branch="false" />
			<line number="44"  hits="1"  branch="false" />
			<line number="45"  hits="0"  branch="false" />
			<line number="46"  hits="0"  branch="false" />
			<line number="49"  hits="1"  branch="false" />
			<line number="50"  hits="0"  branch="false" />
			<line number="53"  hits="1"  branch="false" />
			<line number="59"  hits="0"  branch="true"  condition-coverage="0% (0/4)" />
			<line number="65"  hits="1"  branch="false" />
			<line number="67"  hits="0"  branch="false" />
			<line number="68"  hits="0"  branch="false" />
			<line number="70"  hits="0"  branch="false" />
			<line number="71"  hits="0"  branch="true"  condition-coverage="0% (0/2)" />
			<line number="72"  hits="0"  branch="false" />
			<line number="73"  hits="0"  branch="false" />
			<line number="76"  hits="0"  branch="false" />
			<line number="78"  hits="0"  branch="true"  condition-coverage="0% (0/2)" />
			<line number="80"  hits="0"  branch="true"  condition-coverage="0% (0/2)" />
			<line number="81"  hits="0"  branch="false" />
			<line number="89"  hits="0"  branch="false" />
			<line number="109"  hits="0"  branch="false" />
			<line number="114"  hits="1"  branch="false" />
			<line number="116"  hits="0"  branch="false" />
			<line number="136"  hits="0"  branch="false" />
			<line number="139"  hits="1"  branch="false" />
			<line number="140"  hits="0"  branch="true"  condition-coverage="0% (0/2)" />
			<line number="145"  hits="0"  branch="false" />
			<line number="148"  hits="0"  branch="true"  condition-coverage="0% (0/2)" />
			<line number="149"  hits="0"  branch="false" />
			<line number="152"  hits="0"  branch="false" />
			<line number="155"  hits="1"  branch="false" />
			<line number="156"  hits="0"  branch="false" />
			<line number="159"  hits="1"  branch="false" />
			<line number="172"  hits="0"  branch="true"  condition-coverage="0% (0/4)" />
			<line number="173"  hits="0"  branch="false" />
			<line number="175"  hits="0"  branch="false" />
			<line number="180"  hits="1"  branch="false" />
			<line number="181"  hits="0"  branch="true"  condition-coverage="0% (0/2)" />
			<line number="184"  hits="1"  branch="false" />
			<line number="185"  hits="0"  branch="false" />
			<line number="192"  hits="1"  branch="false" />
			<line number="193"  hits="0"  branch="false" />
			<line number="196"  hits="1"  branch="false" />
			<line number="197"  hits="0"  branch="false" />
			<line number="200"  hits="1"  branch="false" />
			<line number="201"  hits="0"  branch="false" />
			<line number="204"  hits="1"  branch="false" />
			<line number="205"  hits="0"  branch="false" />
			<line number="232"  hits="1"  branch="false" />
			<line number="233"  hits="0"  branch="false" />
			<line number="236"  hits="1"  branch="false" />
			<line number="237"  hits="0"  branch="false" />
			<line number="240"  hits="1"  branch="false" />
			<line number="241"  hits="0"  branch="false" />
			<line number="244"  hits="1"  branch="false" />
			<line number="245"  hits="0"  branch="false" />
			<line number="248"  hits="1"  branch="false" />
			<line number="249"  hits="0"  branch="false" />
			<line number="250"  hits="0"  branch="false" />
			<line number="253"  hits="0"  branch="false" />
			<line number="256"  hits="1"  branch="false" />
			<line number="262"  hits="0"  branch="false" />
			<line number="263"  hits="0"  branch="false" />
			<line number="265"  hits="0"  branch="false" />
			<line number="268"  hits="1"  branch="false" />
			<line number="275"  hits="0"  branch="false" />
			<line number="283"  hits="0"  branch="false" />
			<line number="285"  hits="0"  branch="false" />
			<line number="287"  hits="0"  branch="false" />
			<line number="288"  hits="0"  branch="false" />
			<line number="291"  hits="0"  branch="false" />
			<line number="292"  hits="0"  branch="false" />
			<line number="295"  hits="0"  branch="false" />
			<line number="357"  hits="1"  branch="false" />
			<line number="358"  hits="0"  branch="false" />
			<line number="370"  hits="0"  branch="false" />
			<line number="371"  hits="0"  branch="false" />
			<line number="438"  hits="1"  branch="false" />
			<line number="444"  hits="0"  branch="false" />
			<line number="445"  hits="0"  branch="true"  condition-coverage="0% (0/4)" />
			<line number="446"  hits="0"  branch="false" />
			<line number="448"  hits="0"  branch="false" />
			<line number="453"  hits="1"  branch="false" />
			<line number="457"  hits="0"  branch="true"  condition-coverage="0% (0/2)" />
			<line number="458"  hits="0"  branch="false" />
			<line number="459"  hits="0"  branch="false" />
			<line number="462"  hits="0"  branch="false" />
			<line number="474"  hits="0"  branch="false" />
			<line number="475"  hits="0"  branch="false" />
			<line number="477"  hits="0"  branch="false" />
			<line number="478"  hits="0"  branch="false" />
			<line number="481"  hits="0"  branch="true"  condition-coverage="0% (0/2)" />
			<line number="482"  hits="0"  branch="false" />
			<line number="488"  hits="0"  branch="false" />
			<line number="493"  hits="1"  branch="false" />
			<line number="496"  hits="0"  branch="false" />
			<line number="506"  hits="0"  branch="false" />
			<line number="507"  hits="0"  branch="false" />
			<line number="509"  hits="0"  branch="false" />
			<line number="510"  hits="0"  branch="false" />
			<line number="513"  hits="0"  branch="false" />
			<line number="517"  hits="1"  branch="false" />
			<line number="523"  hits="0"  branch="false" />
			<line number="524"  hits="0"  branch="true"  condition-coverage="0% (0/4)" />
			<line number="525"  hits="0"  branch="false" />
			<line number="527"  hits="0"  branch="false" />
			<line number="532"  hits="1"  branch="false" />
			<line number="539"  hits="0"  branch="false" />
			<line number="551"  hits="0"  branch="false" />
			<line number="553"  hits="0"  branch="true"  condition-coverage="0% (0/2)" />
			<line number="554"  hits="0"  branch="false" />
			<line number="555"  hits="0"  branch="false" />
			<line number="563"  hits="0"  branch="true"  condition-coverage="0% (0/2)" />
			<line number="566"  hits="0"  branch="false" />
			<line number="567"  hits="0"  branch="false" />
			<line number="570"  hits="0"  branch="false" />
			<line number="573"  hits="0"  branch="true"  condition-coverage="0% (0/2)" />
			<line number="575"  hits="0"  branch="false" />
			<line number="580"  hits="0"  branch="false" />
			<line number="583"  hits="0"  branch="false" />
			<line number="588"  hits="1"  branch="false" />
			<line number="591"  hits="0"  branch="false" />
			<line number="593"  hits="0"  branch="false" />
			<line number="606"  hits="0"  branch="false" />
			<line number="607"  hits="0"  branch="false" />
			<line number="609"  hits="0"  branch="true"  condition-coverage="0% (0/2)" />
			<line number="610"  hits="0"  branch="false" />
			<line number="611"  hits="0"  branch="true"  condition-coverage="0% (0/2)" />
			<line number="614"  hits="0"  branch="false" />
			<line number="618"  hits="0"  branch="false" />
			<line number="619"  hits="0"  branch="false" />
			<line number="624"  hits="1"  branch="false" />
			<line number="627"  hits="0"  branch="false" />
			<line number="628"  hits="0"  branch="true"  condition-coverage="0% (0/4)" />
			<line number="629"  hits="0"  branch="false" />
			<line number="631"  hits="0"  branch="false" />
			<line number="636"  hits="1"  branch="false" />
			<line number="640"  hits="0"  branch="false" />
			<line number="641"  hits="0"  branch="false" />
			<line number="653"  hits="0"  branch="false" />
			<line number="654"  hits="0"  branch="false" />
			<line number="656"  hits="0"  branch="false" />
			<line number="657"  hits="0"  branch="false" />
			<line number="660"  hits="0"  branch="true"  condition-coverage="0% (0/2)" />
			<line number="661"  hits="0"  branch="false" />
			<line number="666"  hits="0"  branch="false" />
			<line number="671"  hits="1"  branch="false" />
			<line number="674"  hits="0"  branch="false" />
			<line number="675"  hits="0"  branch="true"  condition-coverage="0% (0/4)" />
			<line number="676"  hits="0"  branch="false" />
			<line number="678"  hits="0"  branch="false" />
			<line number="683"  hits="1"  branch="false" />
			<line number="687"  hits="0"  branch="false" />
			<line number="689"  hits="0"  branch="false" />
			<line number="701"  hits="0"  branch="false" />
			<line number="702"  hits="0"  branch="false" />
			<line number="704"  hits="0"  branch="false" />
			<line number="705"  hits="0"  branch="false" />
			<line number="708"  hits="0"  branch="true"  condition-coverage="0% (0/2)" />
			<line number="709"  hits="0"  branch="false" />
			<line number="714"  hits="0"  branch="false" />
			<line number="719"  hits="1"  branch="false" />
			<line number="722"  hits="0"  branch="false" />
			<line number="724"  hits="0"  branch="false" />
			<line number="734"  hits="0"  branch="false" />
			<line number="735"  hits="0"  branch="false" />
			<line number="736"  hits="0"  branch="true"  condition-coverage="0% (0/2)" />
			<line number="737"  hits="0"  branch="false" />
			<line number="738"  hits="0"  branch="false" />
			<line number="741"  hits="0"  branch="false" />
			<line number="743"  hits="0"  branch="false" />
			<line number="745"  hits="0"  branch="false" />
			<line number="746"  hits="0"  branch="false" />
			<line number="751"  hits="0"  branch="false" />
			<line number="756"  hits="1"  branch="false" />
			<line number="759"  hits="0"  branch="false" />
			<line number="761"  hits="0"  branch="false" />
			<line number="773"  hits="0"  branch="false" />
			<line number="774"  hits="0"  branch="false" />
			<line number="775"  hits="0"  branch="true"  condition-coverage="0% (0/2)" />
			<line number="776"  hits="0"  branch="false" />
			<line number="777"  hits="0"  branch="false" />
			<line number="780"  hits="0"  branch="false" />
			<line number="781"  hits="0"  branch="false" />
			<line number="790"  hits="1"  branch="false" />
			<line number="800"  hits="0"  branch="true"  condition-coverage="0% (0/2)" />
			<line number="801"  hits="0"  branch="false" />
			<line number="804"  hits="0"  branch="false" />
			<line number="805"  hits="0"  branch="false" />
			<line number="807"  hits="0"  branch="false" />
			<line number="810"  hits="1"  branch="false" />
			<line number="811"  hits="0"  branch="true"  condition-coverage="0% (0/2)" />
			<line number="812"  hits="0"  branch="true"  condition-coverage="0% (0/6)" />
			<line number="819"  hits="0"  branch="true"  condition-coverage="0% (0/3)" />
			<line number="854"  hits="1"  branch="false" />
			<line number="855"  hits="0"  branch="true"  condition-coverage="0% (0/2)" />
			<line number="856"  hits="0"  branch="true"  condition-coverage="0% (0/8)" />
			<line number="865"  hits="0"  branch="true"  condition-coverage="0% (0/4)" />
			<line number="872"  hits="1"  branch="false" />
			<line number="873"  hits="0"  branch="false" />
			<line number="879"  hits="1"  branch="false" />
			<line number="880"  hits="0"  branch="true"  condition-coverage="0% (0/2)" />
			<line number="881"  hits="0"  branch="false" />
			<line number="885"  hits="0"  branch="false" />
			<line number="894"  hits="0"  branch="false" />
			<line number="895"  hits="0"  branch="true"  condition-coverage="0% (0/2)" />
			<line number="896"  hits="0"  branch="false" />
			<line number="897"  hits="0"  branch="true"  condition-coverage="0% (0/2)" />
			<line number="898"  hits="0"  branch="false" />
			<line number="900"  hits="0"  branch="false" />
			<line number="906"  hits="1"  branch="false" />
			<line number="916"  hits="0"  branch="true"  condition-coverage="0% (0/2)" />
			<line number="917"  hits="0"  branch="false" />
			<line number="920"  hits="0"  branch="false" />
			<line number="922"  hits="0"  branch="true"  condition-coverage="0% (0/2)" />
			<line number="923"  hits="0"  branch="false" />
			<line number="926"  hits="0"  branch="true"  condition-coverage="0% (0/2)" />
			<line number="927"  hits="0"  branch="false" />
			<line number="930"  hits="0"  branch="false" />
			<line number="933"  hits="1"  branch="false" />
		</lines>
		</class>
	</classes>
	</package>
	<package name="azure"  line-rate="0.1356"  branch-rate="0" >
	<classes>
		<class name="app.js"  filename="generators\azure\app.js"  line-rate="0.1356"  branch-rate="0" >
		<methods>
			<method name="run"  hits="0"  signature="()V" >
				<lines><line number="8"  hits="0" /></lines>
			</method>
			<method name="(anonymous_2)"  hits="0"  signature="()V" >
				<lines><line number="22"  hits="0" /></lines>
			</method>
			<method name="(anonymous_3)"  hits="0"  signature="()V" >
				<lines><line number="23"  hits="0" /></lines>
			</method>
			<method name="(anonymous_4)"  hits="0"  signature="()V" >
				<lines><line number="28"  hits="0" /></lines>
			</method>
			<method name="(anonymous_5)"  hits="0"  signature="()V" >
				<lines><line number="30"  hits="0" /></lines>
			</method>
			<method name="(anonymous_6)"  hits="0"  signature="()V" >
				<lines><line number="47"  hits="0" /></lines>
			</method>
			<method name="(anonymous_7)"  hits="0"  signature="()V" >
				<lines><line number="50"  hits="0" /></lines>
			</method>
			<method name="findOrCreateAzureServiceEndpoint"  hits="0"  signature="()V" >
				<lines><line number="64"  hits="0" /></lines>
			</method>
			<method name="(anonymous_9)"  hits="0"  signature="()V" >
				<lines><line number="67"  hits="0" /></lines>
			</method>
			<method name="createAzureServiceEndpoint"  hits="0"  signature="()V" >
				<lines><line number="84"  hits="0" /></lines>
			</method>
			<method name="(anonymous_11)"  hits="0"  signature="()V" >
				<lines><line number="128"  hits="0" /></lines>
			</method>
			<method name="(anonymous_12)"  hits="0"  signature="()V" >
				<lines><line number="144"  hits="0" /></lines>
			</method>
			<method name="(anonymous_13)"  hits="0"  signature="()V" >
				<lines><line number="145"  hits="0" /></lines>
			</method>
			<method name="(anonymous_14)"  hits="0"  signature="()V" >
				<lines><line number="146"  hits="0" /></lines>
			</method>
			<method name="(anonymous_15)"  hits="0"  signature="()V" >
				<lines><line number="157"  hits="0" /></lines>
			</method>
		</methods>
		<lines>
			<line number="2"  hits="1"  branch="false" />
			<line number="3"  hits="1"  branch="false" />
			<line number="4"  hits="1"  branch="false" />
			<line number="6"  hits="1"  branch="false" />
			<line number="8"  hits="1"  branch="false" />
			<line number="11"  hits="0"  branch="false" />
			<line number="18"  hits="0"  branch="false" />
			<line number="19"  hits="0"  branch="false" />
			<line number="21"  hits="0"  branch="false" />
			<line number="23"  hits="0"  branch="false" />
			<line number="24"  hits="0"  branch="false" />
			<line number="25"  hits="0"  branch="false" />
			<line number="29"  hits="0"  branch="true"  condition-coverage="0% (0/2)" />
			<line number="30"  hits="0"  branch="false" />
			<line number="31"  hits="0"  branch="true"  condition-coverage="0% (0/2)" />
			<line number="32"  hits="0"  branch="false" />
			<line number="33"  hits="0"  branch="false" />
			<line number="35"  hits="0"  branch="false" />
			<line number="36"  hits="0"  branch="false" />
			<line number="37"  hits="0"  branch="false" />
			<line number="39"  hits="0"  branch="false" />
			<line number="41"  hits="0"  branch="false" />
			<line number="44"  hits="0"  branch="false" />
			<line number="48"  hits="0"  branch="false" />
			<line number="52"  hits="0"  branch="true"  condition-coverage="0% (0/2)" />
			<line number="53"  hits="0"  branch="false" />
			<line number="56"  hits="0"  branch="true"  condition-coverage="0% (0/2)" />
			<line number="59"  hits="0"  branch="false" />
			<line number="64"  hits="1"  branch="false" />
			<line number="67"  hits="0"  branch="false" />
			<line number="68"  hits="0"  branch="true"  condition-coverage="0% (0/2)" />
			<line number="70"  hits="0"  branch="false" />
			<line number="73"  hits="0"  branch="true"  condition-coverage="0% (0/2)" />
			<line number="75"  hits="0"  branch="false" />
			<line number="77"  hits="0"  branch="false" />
			<line number="78"  hits="0"  branch="false" />
			<line number="84"  hits="1"  branch="false" />
			<line number="87"  hits="0"  branch="false" />
			<line number="89"  hits="0"  branch="true"  condition-coverage="0% (0/2)" />
			<line number="91"  hits="0"  branch="false" />
			<line number="128"  hits="0"  branch="false" />
			<line number="129"  hits="0"  branch="true"  condition-coverage="0% (0/2)" />
			<line number="130"  hits="0"  branch="false" />
			<line number="131"  hits="0"  branch="false" />
			<line number="134"  hits="0"  branch="true"  condition-coverage="0% (0/2)" />
			<line number="139"  hits="0"  branch="false" />
			<line number="141"  hits="0"  branch="false" />
			<line number="143"  hits="0"  branch="false" />
			<line number="144"  hits="0"  branch="true"  condition-coverage="0% (0/2)" />
			<line number="146"  hits="0"  branch="false" />
			<line number="148"  hits="0"  branch="true"  condition-coverage="0% (0/2)" />
			<line number="151"  hits="0"  branch="false" />
			<line number="154"  hits="0"  branch="false" />
			<line number="159"  hits="0"  branch="true"  condition-coverage="0% (0/4)" />
			<line number="160"  hits="0"  branch="false" />
			<line number="161"  hits="0"  branch="false" />
			<line number="164"  hits="0"  branch="false" />
			<line number="168"  hits="0"  branch="false" />
			<line number="173"  hits="1"  branch="false" />
		</lines>
		</class>
	</classes>
	</package>
	<package name="build"  line-rate="0.1961"  branch-rate="0" >
	<classes>
		<class name="app.js"  filename="generators\build\app.js"  line-rate="0.1961"  branch-rate="0" >
		<methods>
			<method name="run"  hits="0"  signature="()V" >
				<lines><line number="9"  hits="0" /></lines>
			</method>
			<method name="(anonymous_2)"  hits="0"  signature="()V" >
				<lines><line number="19"  hits="0" /></lines>
			</method>
			<method name="(anonymous_3)"  hits="0"  signature="()V" >
				<lines><line number="20"  hits="0" /></lines>
			</method>
			<method name="(anonymous_4)"  hits="0"  signature="()V" >
				<lines><line number="25"  hits="0" /></lines>
			</method>
			<method name="(anonymous_5)"  hits="0"  signature="()V" >
				<lines><line number="27"  hits="0" /></lines>
			</method>
			<method name="(anonymous_6)"  hits="0"  signature="()V" >
				<lines><line number="28"  hits="0" /></lines>
			</method>
			<method name="(anonymous_7)"  hits="0"  signature="()V" >
				<lines><line number="56"  hits="0" /></lines>
			</method>
			<method name="(anonymous_8)"  hits="0"  signature="()V" >
				<lines><line number="61"  hits="0" /></lines>
			</method>
			<method name="findOrCreateBuild"  hits="0"  signature="()V" >
				<lines><line number="75"  hits="0" /></lines>
			</method>
			<method name="(anonymous_10)"  hits="0"  signature="()V" >
				<lines><line number="80"  hits="0" /></lines>
			</method>
			<method name="createBuild"  hits="0"  signature="()V" >
				<lines><line number="96"  hits="0" /></lines>
			</method>
			<method name="(anonymous_12)"  hits="0"  signature="()V" >
				<lines><line number="143"  hits="0" /></lines>
			</method>
			<method name="getBuild"  hits="0"  signature="()V" >
				<lines><line number="155"  hits="0" /></lines>
			</method>
		</methods>
		<lines>
			<line number="2"  hits="1"  branch="false" />
			<line number="3"  hits="1"  branch="false" />
			<line number="4"  hits="1"  branch="false" />
			<line number="5"  hits="1"  branch="false" />
			<line number="7"  hits="1"  branch="false" />
			<line number="9"  hits="1"  branch="false" />
			<line number="12"  hits="0"  branch="false" />
			<line number="13"  hits="0"  branch="false" />
			<line number="16"  hits="0"  branch="false" />
			<line number="18"  hits="0"  branch="false" />
			<line number="20"  hits="0"  branch="false" />
			<line number="21"  hits="0"  branch="false" />
			<line number="22"  hits="0"  branch="false" />
			<line number="26"  hits="0"  branch="false" />
			<line number="28"  hits="0"  branch="false" />
			<line number="29"  hits="0"  branch="false" />
			<line number="30"  hits="0"  branch="false" />
			<line number="58"  hits="0"  branch="false" />
			<line number="63"  hits="0"  branch="true"  condition-coverage="0% (0/2)" />
			<line number="64"  hits="0"  branch="false" />
			<line number="67"  hits="0"  branch="true"  condition-coverage="0% (0/2)" />
			<line number="70"  hits="0"  branch="false" />
			<line number="75"  hits="1"  branch="false" />
			<line number="80"  hits="0"  branch="false" />
			<line number="81"  hits="0"  branch="true"  condition-coverage="0% (0/2)" />
			<line number="82"  hits="0"  branch="false" />
			<line number="85"  hits="0"  branch="true"  condition-coverage="0% (0/2)" />
			<line number="86"  hits="0"  branch="false" />
			<line number="90"  hits="0"  branch="false" />
			<line number="91"  hits="0"  branch="false" />
			<line number="96"  hits="1"  branch="false" />
			<line number="102"  hits="0"  branch="false" />
			<line number="104"  hits="0"  branch="false" />
			<line number="111"  hits="0"  branch="false" />
			<line number="112"  hits="0"  branch="false" />
			<line number="123"  hits="0"  branch="false" />
			<line number="126"  hits="0"  branch="false" />
			<line number="128"  hits="0"  branch="false" />
			<line number="143"  hits="0"  branch="false" />
			<line number="145"  hits="0"  branch="true"  condition-coverage="0% (0/2)" />
			<line number="148"  hits="0"  branch="false" />
			<line number="151"  hits="0"  branch="false" />
			<line number="155"  hits="1"  branch="false" />
			<line number="156"  hits="0"  branch="false" />
			<line number="158"  hits="0"  branch="false" />
			<line number="171"  hits="0"  branch="false" />
			<line number="172"  hits="0"  branch="true"  condition-coverage="0% (0/2)" />
			<line number="173"  hits="0"  branch="false" />
			<line number="175"  hits="0"  branch="false" />
			<line number="178"  hits="0"  branch="false" />
			<line number="183"  hits="1"  branch="false" />
		</lines>
		</class>
	</classes>
	</package>
</packages>
</coverage>
