{"C:\\JDA\\DX\\_FY18\\YOEMAN\\generator-csebot\\generators\\app\\utility.js":{"path":"C:\\JDA\\DX\\_FY18\\YOEMAN\\generator-csebot\\generators\\app\\utility.js","s":{"1":1,"2":1,"3":1,"4":1,"5":1,"6":1,"7":1,"8":1,"9":1,"10":1,"11":0,"12":0,"13":1,"14":0,"15":0,"16":1,"17":0,"18":0,"19":1,"20":0,"21":1,"22":0,"23":1,"24":0,"25":0,"26":0,"27":0,"28":0,"29":0,"30":0,"31":0,"32":0,"33":0,"34":0,"35":0,"36":1,"37":0,"38":0,"39":1,"40":0,"41":0,"42":0,"43":0,"44":0,"45":1,"46":0,"47":1,"48":0,"49":0,"50":0,"51":1,"52":0,"53":1,"54":0,"55":1,"56":0,"57":1,"58":0,"59":1,"60":0,"61":1,"62":0,"63":1,"64":0,"65":1,"66":0,"67":1,"68":0,"69":1,"70":0,"71":1,"72":0,"73":0,"74":0,"75":1,"76":0,"77":0,"78":0,"79":1,"80":0,"81":0,"82":0,"83":0,"84":0,"85":0,"86":0,"87":0,"88":1,"89":0,"90":0,"91":0,"92":1,"93":0,"94":0,"95":0,"96":0,"97":1,"98":0,"99":0,"100":0,"101":0,"102":0,"103":0,"104":0,"105":0,"106":0,"107":0,"108":0,"109":1,"110":0,"111":0,"112":0,"113":0,"114":0,"115":0,"116":1,"117":0,"118":0,"119":0,"120":0,"121":1,"122":0,"123":0,"124":0,"125":0,"126":0,"127":0,"128":0,"129":0,"130":0,"131":0,"132":0,"133":0,"134":0,"135":1,"136":0,"137":0,"138":0,"139":0,"140":0,"141":0,"142":0,"143":0,"144":0,"145":0,"146":1,"147":0,"148":0,"149":0,"150":0,"151":1,"152":0,"153":0,"154":0,"155":0,"156":0,"157":0,"158":0,"159":0,"160":0,"161":1,"162":0,"163":0,"164":0,"165":0,"166":1,"167":0,"168":0,"169":0,"170":0,"171":0,"172":0,"173":0,"174":0,"175":0,"176":1,"177":0,"178":0,"179":0,"180":0,"181":0,"182":0,"183":0,"184":0,"185":0,"186":0,"187":0,"188":0,"189":1,"190":0,"191":0,"192":0,"193":0,"194":0,"195":0,"196":0,"197":0,"198":0,"199":1,"200":0,"201":0,"202":0,"203":0,"204":0,"205":1,"206":0,"207":0,"208":0,"209":1,"210":0,"211":0,"212":0,"213":1,"214":0,"215":1,"216":0,"217":0,"218":0,"219":0,"220":0,"221":0,"222":0,"223":0,"224":0,"225":1,"226":0,"227":0,"228":0,"229":0,"230":0,"231":0,"232":0,"233":0,"234":1},"b":{"1":[1,1],"2":[0,0],"3":[0,0],"4":[0,0],"5":[0,0],"6":[0,0],"7":[0,0],"8":[0,0],"9":[0,0],"10":[0,0],"11":[0,0],"12":[0,0],"13":[0,0],"14":[0,0],"15":[0,0],"16":[0,0],"17":[0,0],"18":[0,0],"19":[0,0],"20":[0,0],"21":[0,0],"22":[0,0],"23":[0,0],"24":[0,0],"25":[0,0],"26":[0,0],"27":[0,0],"28":[0,0],"29":[0,0],"30":[0,0],"31":[0,0],"32":[0,0],"33":[0,0],"34":[0,0,0,0,0,0],"35":[0,0,0],"36":[0,0],"37":[0,0,0,0,0,0,0,0],"38":[0,0,0,0],"39":[0,0],"40":[0,0],"41":[0,0],"42":[0,0],"43":[0,0],"44":[0,0]},"f":{"1":0,"2":0,"3":0,"4":0,"5":0,"6":0,"7":0,"8":0,"9":0,"10":0,"11":0,"12":0,"13":0,"14":0,"15":0,"16":0,"17":0,"18":0,"19":0,"20":0,"21":0,"22":0,"23":0,"24":0,"25":0,"26":0,"27":0,"28":0,"29":0,"30":0,"31":0,"32":0,"33":0,"34":0,"35":0,"36":0,"37":0,"38":0,"39":0,"40":0,"41":0,"42":0,"43":0,"44":0,"45":0,"46":0,"47":0,"48":0,"49":0,"50":0,"51":0,"52":0,"53":0,"54":0,"55":0,"56":0,"57":0,"58":0,"59":0,"60":0,"61":0,"62":0,"63":0,"64":0,"65":0},"fnMap":{"1":{"name":"(anonymous_1)","line":13,"loc":{"start":{"line":13,"column":17},"end":{"line":13,"column":32}}},"2":{"name":"(anonymous_2)","line":19,"loc":{"start":{"line":19,"column":30},"end":{"line":19,"column":61}}},"3":{"name":"addUserAgent","line":44,"loc":{"start":{"line":44,"column":0},"end":{"line":44,"column":31}}},"4":{"name":"getUserAgent","line":49,"loc":{"start":{"line":49,"column":0},"end":{"line":49,"column":24}}},"5":{"name":"reconcileValue","line":53,"loc":{"start":{"line":53,"column":0},"end":{"line":53,"column":49}}},"6":{"name":"getTargets","line":65,"loc":{"start":{"line":65,"column":0},"end":{"line":65,"column":29}}},"7":{"name":"(anonymous_7)","line":67,"loc":{"start":{"line":67,"column":22},"end":{"line":67,"column":49}}},"8":{"name":"(anonymous_8)","line":70,"loc":{"start":{"line":70,"column":45},"end":{"line":70,"column":66}}},"9":{"name":"getBotTypes","line":114,"loc":{"start":{"line":114,"column":0},"end":{"line":114,"column":30}}},"10":{"name":"getPATPrompt","line":139,"loc":{"start":{"line":139,"column":0},"end":{"line":139,"column":31}}},"11":{"name":"getInstancePrompt","line":155,"loc":{"start":{"line":155,"column":0},"end":{"line":155,"column":29}}},"12":{"name":"getDefaultPortMapping","line":159,"loc":{"start":{"line":159,"column":0},"end":{"line":159,"column":40}}},"13":{"name":"validateRequired","line":180,"loc":{"start":{"line":180,"column":0},"end":{"line":180,"column":38}}},"14":{"name":"validatePortMapping","line":184,"loc":{"start":{"line":184,"column":0},"end":{"line":184,"column":36}}},"15":{"name":"validateBotName","line":192,"loc":{"start":{"line":192,"column":0},"end":{"line":192,"column":32}}},"16":{"name":"validatePersonalAccessToken","line":196,"loc":{"start":{"line":196,"column":0},"end":{"line":196,"column":44}}},"17":{"name":"validateTFS","line":200,"loc":{"start":{"line":200,"column":0},"end":{"line":200,"column":28}}},"18":{"name":"validateAzureSub","line":204,"loc":{"start":{"line":204,"column":0},"end":{"line":204,"column":33}}},"19":{"name":"validateAzureSubID","line":232,"loc":{"start":{"line":232,"column":0},"end":{"line":232,"column":35}}},"20":{"name":"validateAzureTenantID","line":236,"loc":{"start":{"line":236,"column":0},"end":{"line":236,"column":38}}},"21":{"name":"validateServicePrincipalID","line":240,"loc":{"start":{"line":240,"column":0},"end":{"line":240,"column":43}}},"22":{"name":"validateServicePrincipalKey","line":244,"loc":{"start":{"line":244,"column":0},"end":{"line":244,"column":44}}},"23":{"name":"tokenize","line":248,"loc":{"start":{"line":248,"column":0},"end":{"line":248,"column":30}}},"24":{"name":"encodePat","line":256,"loc":{"start":{"line":256,"column":0},"end":{"line":256,"column":24}}},"25":{"name":"checkStatus","line":268,"loc":{"start":{"line":268,"column":0},"end":{"line":268,"column":48}}},"26":{"name":"(anonymous_26)","line":283,"loc":{"start":{"line":283,"column":20},"end":{"line":283,"column":46}}},"27":{"name":"getServiceEndpoint","line":357,"loc":{"start":{"line":357,"column":0},"end":{"line":357,"column":69}}},"28":{"name":"(anonymous_28)","line":370,"loc":{"start":{"line":370,"column":20},"end":{"line":370,"column":53}}},"29":{"name":"tryFindAzureServiceEndpoint","line":438,"loc":{"start":{"line":438,"column":0},"end":{"line":438,"column":84}}},"30":{"name":"(anonymous_30)","line":444,"loc":{"start":{"line":444,"column":65},"end":{"line":444,"column":84}}},"31":{"name":"findAzureServiceEndpoint","line":453,"loc":{"start":{"line":453,"column":0},"end":{"line":453,"column":81}}},"32":{"name":"(anonymous_32)","line":474,"loc":{"start":{"line":474,"column":20},"end":{"line":474,"column":53}}},"33":{"name":"(anonymous_33)","line":477,"loc":{"start":{"line":477,"column":36},"end":{"line":477,"column":49}}},"34":{"name":"findAzureSub","line":493,"loc":{"start":{"line":493,"column":0},"end":{"line":493,"column":62}}},"35":{"name":"(anonymous_35)","line":506,"loc":{"start":{"line":506,"column":20},"end":{"line":506,"column":53}}},"36":{"name":"(anonymous_36)","line":509,"loc":{"start":{"line":509,"column":31},"end":{"line":509,"column":44}}},"37":{"name":"tryFindProject","line":517,"loc":{"start":{"line":517,"column":0},"end":{"line":517,"column":64}}},"38":{"name":"(anonymous_38)","line":523,"loc":{"start":{"line":523,"column":45},"end":{"line":523,"column":65}}},"39":{"name":"findProject","line":532,"loc":{"start":{"line":532,"column":0},"end":{"line":532,"column":61}}},"40":{"name":"(anonymous_40)","line":551,"loc":{"start":{"line":551,"column":20},"end":{"line":551,"column":46}}},"41":{"name":"findQueue","line":588,"loc":{"start":{"line":588,"column":0},"end":{"line":588,"column":64}}},"42":{"name":"(anonymous_42)","line":606,"loc":{"start":{"line":606,"column":20},"end":{"line":606,"column":46}}},"43":{"name":"tryFindBuild","line":624,"loc":{"start":{"line":624,"column":0},"end":{"line":624,"column":69}}},"44":{"name":"(anonymous_44)","line":627,"loc":{"start":{"line":627,"column":50},"end":{"line":627,"column":68}}},"45":{"name":"findBuild","line":636,"loc":{"start":{"line":636,"column":0},"end":{"line":636,"column":66}}},"46":{"name":"(anonymous_46)","line":653,"loc":{"start":{"line":653,"column":20},"end":{"line":653,"column":49}}},"47":{"name":"(anonymous_47)","line":656,"loc":{"start":{"line":656,"column":31},"end":{"line":656,"column":44}}},"48":{"name":"tryFindRelease","line":671,"loc":{"start":{"line":671,"column":0},"end":{"line":671,"column":40}}},"49":{"name":"(anonymous_49)","line":674,"loc":{"start":{"line":674,"column":21},"end":{"line":674,"column":39}}},"50":{"name":"findRelease","line":683,"loc":{"start":{"line":683,"column":0},"end":{"line":683,"column":37}}},"51":{"name":"(anonymous_51)","line":701,"loc":{"start":{"line":701,"column":20},"end":{"line":701,"column":49}}},"52":{"name":"(anonymous_52)","line":704,"loc":{"start":{"line":704,"column":31},"end":{"line":704,"column":44}}},"53":{"name":"getAzureSubs","line":719,"loc":{"start":{"line":719,"column":0},"end":{"line":719,"column":31}}},"54":{"name":"(anonymous_54)","line":734,"loc":{"start":{"line":734,"column":22},"end":{"line":734,"column":49}}},"55":{"name":"(anonymous_55)","line":735,"loc":{"start":{"line":735,"column":23},"end":{"line":735,"column":52}}},"56":{"name":"getPools","line":756,"loc":{"start":{"line":756,"column":0},"end":{"line":756,"column":27}}},"57":{"name":"(anonymous_57)","line":773,"loc":{"start":{"line":773,"column":22},"end":{"line":773,"column":49}}},"58":{"name":"(anonymous_58)","line":774,"loc":{"start":{"line":774,"column":23},"end":{"line":774,"column":52}}},"59":{"name":"extractInstance","line":790,"loc":{"start":{"line":790,"column":0},"end":{"line":790,"column":32}}},"60":{"name":"needsRegistry","line":810,"loc":{"start":{"line":810,"column":0},"end":{"line":810,"column":44}}},"61":{"name":"isPaaS","line":854,"loc":{"start":{"line":854,"column":0},"end":{"line":854,"column":37}}},"62":{"name":"isVSTS","line":872,"loc":{"start":{"line":872,"column":0},"end":{"line":872,"column":26}}},"63":{"name":"isTFSGreaterThan2017","line":879,"loc":{"start":{"line":879,"column":0},"end":{"line":879,"column":56}}},"64":{"name":"(anonymous_64)","line":894,"loc":{"start":{"line":894,"column":23},"end":{"line":894,"column":56}}},"65":{"name":"getFullURL","line":906,"loc":{"start":{"line":906,"column":0},"end":{"line":906,"column":56}}}},"statementMap":{"1":{"start":{"line":1,"column":0},"end":{"line":1,"column":27}},"2":{"start":{"line":2,"column":0},"end":{"line":2,"column":35}},"3":{"start":{"line":3,"column":0},"end":{"line":3,"column":46}},"4":{"start":{"line":5,"column":0},"end":{"line":5,"column":32}},"5":{"start":{"line":6,"column":0},"end":{"line":6,"column":34}},"6":{"start":{"line":7,"column":0},"end":{"line":7,"column":44}},"7":{"start":{"line":8,"column":0},"end":{"line":8,"column":53}},"8":{"start":{"line":9,"column":0},"end":{"line":9,"column":54}},"9":{"start":{"line":11,"column":0},"end":{"line":11,"column":41}},"10":{"start":{"line":13,"column":0},"end":{"line":17,"column":2}},"11":{"start":{"line":14,"column":3},"end":{"line":16,"column":4}},"12":{"start":{"line":15,"column":6},"end":{"line":15,"column":23}},"13":{"start":{"line":19,"column":0},"end":{"line":22,"column":2}},"14":{"start":{"line":20,"column":3},"end":{"line":20,"column":21}},"15":{"start":{"line":21,"column":3},"end":{"line":21,"column":49}},"16":{"start":{"line":44,"column":0},"end":{"line":47,"column":1}},"17":{"start":{"line":45,"column":3},"end":{"line":45,"column":50}},"18":{"start":{"line":46,"column":3},"end":{"line":46,"column":18}},"19":{"start":{"line":49,"column":0},"end":{"line":51,"column":1}},"20":{"start":{"line":50,"column":3},"end":{"line":50,"column":107}},"21":{"start":{"line":53,"column":0},"end":{"line":60,"column":1}},"22":{"start":{"line":59,"column":3},"end":{"line":59,"column":69}},"23":{"start":{"line":65,"column":0},"end":{"line":112,"column":1}},"24":{"start":{"line":67,"column":3},"end":{"line":111,"column":6}},"25":{"start":{"line":68,"column":6},"end":{"line":68,"column":39}},"26":{"start":{"line":70,"column":6},"end":{"line":110,"column":9}},"27":{"start":{"line":71,"column":9},"end":{"line":74,"column":10}},"28":{"start":{"line":72,"column":12},"end":{"line":72,"column":22}},"29":{"start":{"line":73,"column":12},"end":{"line":73,"column":19}},"30":{"start":{"line":76,"column":9},"end":{"line":76,"column":26}},"31":{"start":{"line":78,"column":9},"end":{"line":107,"column":10}},"32":{"start":{"line":80,"column":12},"end":{"line":104,"column":13}},"33":{"start":{"line":81,"column":15},"end":{"line":87,"column":18}},"34":{"start":{"line":89,"column":15},"end":{"line":98,"column":18}},"35":{"start":{"line":109,"column":9},"end":{"line":109,"column":26}},"36":{"start":{"line":114,"column":0},"end":{"line":137,"column":1}},"37":{"start":{"line":116,"column":3},"end":{"line":125,"column":6}},"38":{"start":{"line":136,"column":3},"end":{"line":136,"column":16}},"39":{"start":{"line":139,"column":0},"end":{"line":153,"column":1}},"40":{"start":{"line":140,"column":3},"end":{"line":146,"column":4}},"41":{"start":{"line":145,"column":6},"end":{"line":145,"column":51}},"42":{"start":{"line":148,"column":3},"end":{"line":150,"column":4}},"43":{"start":{"line":149,"column":6},"end":{"line":149,"column":56}},"44":{"start":{"line":152,"column":3},"end":{"line":152,"column":52}},"45":{"start":{"line":155,"column":0},"end":{"line":157,"column":1}},"46":{"start":{"line":156,"column":3},"end":{"line":156,"column":161}},"47":{"start":{"line":159,"column":0},"end":{"line":178,"column":1}},"48":{"start":{"line":172,"column":3},"end":{"line":176,"column":4}},"49":{"start":{"line":173,"column":6},"end":{"line":173,"column":20}},"50":{"start":{"line":175,"column":6},"end":{"line":175,"column":18}},"51":{"start":{"line":180,"column":0},"end":{"line":182,"column":1}},"52":{"start":{"line":181,"column":3},"end":{"line":181,"column":30}},"53":{"start":{"line":184,"column":0},"end":{"line":186,"column":1}},"54":{"start":{"line":185,"column":3},"end":{"line":185,"column":69}},"55":{"start":{"line":192,"column":0},"end":{"line":194,"column":1}},"56":{"start":{"line":193,"column":3},"end":{"line":193,"column":74}},"57":{"start":{"line":196,"column":0},"end":{"line":198,"column":1}},"58":{"start":{"line":197,"column":3},"end":{"line":197,"column":78}},"59":{"start":{"line":200,"column":0},"end":{"line":202,"column":1}},"60":{"start":{"line":201,"column":3},"end":{"line":201,"column":96}},"61":{"start":{"line":204,"column":0},"end":{"line":206,"column":1}},"62":{"start":{"line":205,"column":3},"end":{"line":205,"column":81}},"63":{"start":{"line":232,"column":0},"end":{"line":234,"column":1}},"64":{"start":{"line":233,"column":3},"end":{"line":233,"column":79}},"65":{"start":{"line":236,"column":0},"end":{"line":238,"column":1}},"66":{"start":{"line":237,"column":3},"end":{"line":237,"column":73}},"67":{"start":{"line":240,"column":0},"end":{"line":242,"column":1}},"68":{"start":{"line":241,"column":3},"end":{"line":241,"column":77}},"69":{"start":{"line":244,"column":0},"end":{"line":246,"column":1}},"70":{"start":{"line":245,"column":3},"end":{"line":245,"column":78}},"71":{"start":{"line":248,"column":0},"end":{"line":254,"column":1}},"72":{"start":{"line":249,"column":3},"end":{"line":251,"column":4}},"73":{"start":{"line":250,"column":6},"end":{"line":250,"column":46}},"74":{"start":{"line":253,"column":3},"end":{"line":253,"column":16}},"75":{"start":{"line":256,"column":0},"end":{"line":266,"column":1}},"76":{"start":{"line":262,"column":3},"end":{"line":262,"column":33}},"77":{"start":{"line":263,"column":3},"end":{"line":263,"column":32}},"78":{"start":{"line":265,"column":3},"end":{"line":265,"column":12}},"79":{"start":{"line":268,"column":0},"end":{"line":297,"column":1}},"80":{"start":{"line":275,"column":3},"end":{"line":281,"column":6}},"81":{"start":{"line":283,"column":3},"end":{"line":296,"column":6}},"82":{"start":{"line":285,"column":6},"end":{"line":285,"column":19}},"83":{"start":{"line":287,"column":6},"end":{"line":293,"column":7}},"84":{"start":{"line":288,"column":9},"end":{"line":288,"column":32}},"85":{"start":{"line":291,"column":9},"end":{"line":291,"column":21}},"86":{"start":{"line":292,"column":9},"end":{"line":292,"column":27}},"87":{"start":{"line":295,"column":6},"end":{"line":295,"column":25}},"88":{"start":{"line":357,"column":0},"end":{"line":373,"column":1}},"89":{"start":{"line":358,"column":3},"end":{"line":368,"column":6}},"90":{"start":{"line":370,"column":3},"end":{"line":372,"column":6}},"91":{"start":{"line":371,"column":6},"end":{"line":371,"column":40}},"92":{"start":{"line":438,"column":0},"end":{"line":451,"column":1}},"93":{"start":{"line":444,"column":3},"end":{"line":450,"column":6}},"94":{"start":{"line":445,"column":6},"end":{"line":449,"column":7}},"95":{"start":{"line":446,"column":9},"end":{"line":446,"column":35}},"96":{"start":{"line":448,"column":9},"end":{"line":448,"column":27}},"97":{"start":{"line":453,"column":0},"end":{"line":491,"column":1}},"98":{"start":{"line":457,"column":3},"end":{"line":460,"column":4}},"99":{"start":{"line":458,"column":6},"end":{"line":458,"column":27}},"100":{"start":{"line":459,"column":6},"end":{"line":459,"column":13}},"101":{"start":{"line":462,"column":3},"end":{"line":472,"column":6}},"102":{"start":{"line":474,"column":3},"end":{"line":490,"column":6}},"103":{"start":{"line":475,"column":6},"end":{"line":475,"column":33}},"104":{"start":{"line":477,"column":6},"end":{"line":479,"column":9}},"105":{"start":{"line":478,"column":9},"end":{"line":478,"column":53}},"106":{"start":{"line":481,"column":6},"end":{"line":489,"column":7}},"107":{"start":{"line":482,"column":9},"end":{"line":485,"column":23}},"108":{"start":{"line":488,"column":9},"end":{"line":488,"column":78}},"109":{"start":{"line":493,"column":0},"end":{"line":515,"column":1}},"110":{"start":{"line":496,"column":3},"end":{"line":504,"column":6}},"111":{"start":{"line":506,"column":3},"end":{"line":514,"column":6}},"112":{"start":{"line":507,"column":6},"end":{"line":507,"column":33}},"113":{"start":{"line":509,"column":6},"end":{"line":511,"column":9}},"114":{"start":{"line":510,"column":9},"end":{"line":510,"column":42}},"115":{"start":{"line":513,"column":6},"end":{"line":513,"column":27}},"116":{"start":{"line":517,"column":0},"end":{"line":530,"column":1}},"117":{"start":{"line":523,"column":3},"end":{"line":529,"column":6}},"118":{"start":{"line":524,"column":6},"end":{"line":528,"column":7}},"119":{"start":{"line":525,"column":9},"end":{"line":525,"column":35}},"120":{"start":{"line":527,"column":9},"end":{"line":527,"column":28}},"121":{"start":{"line":532,"column":0},"end":{"line":586,"column":1}},"122":{"start":{"line":539,"column":3},"end":{"line":549,"column":6}},"123":{"start":{"line":551,"column":3},"end":{"line":585,"column":6}},"124":{"start":{"line":553,"column":6},"end":{"line":556,"column":7}},"125":{"start":{"line":554,"column":9},"end":{"line":554,"column":29}},"126":{"start":{"line":555,"column":9},"end":{"line":555,"column":16}},"127":{"start":{"line":563,"column":6},"end":{"line":571,"column":7}},"128":{"start":{"line":566,"column":9},"end":{"line":566,"column":115}},"129":{"start":{"line":567,"column":9},"end":{"line":569,"column":12}},"130":{"start":{"line":570,"column":9},"end":{"line":570,"column":16}},"131":{"start":{"line":573,"column":6},"end":{"line":584,"column":7}},"132":{"start":{"line":575,"column":9},"end":{"line":578,"column":23}},"133":{"start":{"line":580,"column":9},"end":{"line":580,"column":36}},"134":{"start":{"line":583,"column":9},"end":{"line":583,"column":28}},"135":{"start":{"line":588,"column":0},"end":{"line":622,"column":1}},"136":{"start":{"line":591,"column":3},"end":{"line":591,"column":62}},"137":{"start":{"line":593,"column":3},"end":{"line":604,"column":6}},"138":{"start":{"line":606,"column":3},"end":{"line":621,"column":6}},"139":{"start":{"line":607,"column":6},"end":{"line":607,"column":33}},"140":{"start":{"line":609,"column":6},"end":{"line":620,"column":7}},"141":{"start":{"line":610,"column":9},"end":{"line":610,"column":54}},"142":{"start":{"line":611,"column":13},"end":{"line":620,"column":7}},"143":{"start":{"line":614,"column":9},"end":{"line":614,"column":23}},"144":{"start":{"line":618,"column":9},"end":{"line":618,"column":60}},"145":{"start":{"line":619,"column":9},"end":{"line":619,"column":41}},"146":{"start":{"line":624,"column":0},"end":{"line":634,"column":1}},"147":{"start":{"line":627,"column":3},"end":{"line":633,"column":6}},"148":{"start":{"line":628,"column":6},"end":{"line":632,"column":7}},"149":{"start":{"line":629,"column":9},"end":{"line":629,"column":35}},"150":{"start":{"line":631,"column":9},"end":{"line":631,"column":26}},"151":{"start":{"line":636,"column":0},"end":{"line":669,"column":1}},"152":{"start":{"line":640,"column":3},"end":{"line":640,"column":39}},"153":{"start":{"line":641,"column":3},"end":{"line":651,"column":6}},"154":{"start":{"line":653,"column":3},"end":{"line":668,"column":6}},"155":{"start":{"line":654,"column":6},"end":{"line":654,"column":33}},"156":{"start":{"line":656,"column":6},"end":{"line":658,"column":9}},"157":{"start":{"line":657,"column":9},"end":{"line":657,"column":32}},"158":{"start":{"line":660,"column":6},"end":{"line":667,"column":7}},"159":{"start":{"line":661,"column":9},"end":{"line":664,"column":23}},"160":{"start":{"line":666,"column":9},"end":{"line":666,"column":26}},"161":{"start":{"line":671,"column":0},"end":{"line":681,"column":1}},"162":{"start":{"line":674,"column":3},"end":{"line":680,"column":6}},"163":{"start":{"line":675,"column":6},"end":{"line":679,"column":7}},"164":{"start":{"line":676,"column":9},"end":{"line":676,"column":35}},"165":{"start":{"line":678,"column":9},"end":{"line":678,"column":26}},"166":{"start":{"line":683,"column":0},"end":{"line":717,"column":1}},"167":{"start":{"line":687,"column":3},"end":{"line":687,"column":35}},"168":{"start":{"line":689,"column":3},"end":{"line":699,"column":6}},"169":{"start":{"line":701,"column":3},"end":{"line":716,"column":6}},"170":{"start":{"line":702,"column":6},"end":{"line":702,"column":33}},"171":{"start":{"line":704,"column":6},"end":{"line":706,"column":9}},"172":{"start":{"line":705,"column":9},"end":{"line":705,"column":32}},"173":{"start":{"line":708,"column":6},"end":{"line":715,"column":7}},"174":{"start":{"line":709,"column":9},"end":{"line":712,"column":23}},"175":{"start":{"line":714,"column":9},"end":{"line":714,"column":26}},"176":{"start":{"line":719,"column":0},"end":{"line":754,"column":1}},"177":{"start":{"line":722,"column":3},"end":{"line":722,"column":38}},"178":{"start":{"line":724,"column":3},"end":{"line":732,"column":6}},"179":{"start":{"line":734,"column":3},"end":{"line":753,"column":6}},"180":{"start":{"line":735,"column":6},"end":{"line":752,"column":9}},"181":{"start":{"line":736,"column":9},"end":{"line":739,"column":10}},"182":{"start":{"line":737,"column":12},"end":{"line":737,"column":22}},"183":{"start":{"line":738,"column":12},"end":{"line":738,"column":19}},"184":{"start":{"line":741,"column":9},"end":{"line":741,"column":36}},"185":{"start":{"line":743,"column":9},"end":{"line":743,"column":25}},"186":{"start":{"line":745,"column":9},"end":{"line":749,"column":12}},"187":{"start":{"line":746,"column":12},"end":{"line":748,"column":15}},"188":{"start":{"line":751,"column":9},"end":{"line":751,"column":25}},"189":{"start":{"line":756,"column":0},"end":{"line":784,"column":1}},"190":{"start":{"line":759,"column":3},"end":{"line":759,"column":38}},"191":{"start":{"line":761,"column":3},"end":{"line":771,"column":6}},"192":{"start":{"line":773,"column":3},"end":{"line":783,"column":6}},"193":{"start":{"line":774,"column":6},"end":{"line":782,"column":9}},"194":{"start":{"line":775,"column":9},"end":{"line":778,"column":10}},"195":{"start":{"line":776,"column":12},"end":{"line":776,"column":22}},"196":{"start":{"line":777,"column":12},"end":{"line":777,"column":19}},"197":{"start":{"line":780,"column":9},"end":{"line":780,"column":36}},"198":{"start":{"line":781,"column":9},"end":{"line":781,"column":28}},"199":{"start":{"line":790,"column":0},"end":{"line":808,"column":1}},"200":{"start":{"line":800,"column":3},"end":{"line":802,"column":4}},"201":{"start":{"line":801,"column":6},"end":{"line":801,"column":19}},"202":{"start":{"line":804,"column":3},"end":{"line":804,"column":46}},"203":{"start":{"line":805,"column":3},"end":{"line":805,"column":36}},"204":{"start":{"line":807,"column":3},"end":{"line":807,"column":19}},"205":{"start":{"line":810,"column":0},"end":{"line":823,"column":1}},"206":{"start":{"line":811,"column":3},"end":{"line":822,"column":4}},"207":{"start":{"line":812,"column":6},"end":{"line":817,"column":45}},"208":{"start":{"line":819,"column":6},"end":{"line":821,"column":42}},"209":{"start":{"line":854,"column":0},"end":{"line":870,"column":1}},"210":{"start":{"line":855,"column":3},"end":{"line":869,"column":4}},"211":{"start":{"line":856,"column":6},"end":{"line":863,"column":45}},"212":{"start":{"line":865,"column":6},"end":{"line":868,"column":42}},"213":{"start":{"line":872,"column":0},"end":{"line":874,"column":1}},"214":{"start":{"line":873,"column":3},"end":{"line":873,"column":56}},"215":{"start":{"line":879,"column":0},"end":{"line":904,"column":1}},"216":{"start":{"line":880,"column":3},"end":{"line":903,"column":4}},"217":{"start":{"line":881,"column":6},"end":{"line":881,"column":32}},"218":{"start":{"line":885,"column":6},"end":{"line":892,"column":9}},"219":{"start":{"line":894,"column":6},"end":{"line":902,"column":9}},"220":{"start":{"line":895,"column":9},"end":{"line":901,"column":10}},"221":{"start":{"line":896,"column":12},"end":{"line":896,"column":39}},"222":{"start":{"line":897,"column":16},"end":{"line":901,"column":10}},"223":{"start":{"line":898,"column":12},"end":{"line":898,"column":38}},"224":{"start":{"line":900,"column":12},"end":{"line":900,"column":39}},"225":{"start":{"line":906,"column":0},"end":{"line":931,"column":1}},"226":{"start":{"line":916,"column":3},"end":{"line":918,"column":4}},"227":{"start":{"line":917,"column":6},"end":{"line":917,"column":22}},"228":{"start":{"line":920,"column":3},"end":{"line":920,"column":56}},"229":{"start":{"line":922,"column":3},"end":{"line":924,"column":4}},"230":{"start":{"line":923,"column":6},"end":{"line":923,"column":60}},"231":{"start":{"line":926,"column":3},"end":{"line":928,"column":4}},"232":{"start":{"line":927,"column":6},"end":{"line":927,"column":38}},"233":{"start":{"line":930,"column":3},"end":{"line":930,"column":18}},"234":{"start":{"line":933,"column":0},"end":{"line":992,"column":2}}},"branchMap":{"1":{"line":11,"type":"binary-expr","locations":[{"start":{"line":11,"column":14},"end":{"line":11,"column":31}},{"start":{"line":11,"column":35},"end":{"line":11,"column":40}}]},"2":{"line":14,"type":"if","locations":[{"start":{"line":14,"column":3},"end":{"line":14,"column":3}},{"start":{"line":14,"column":3},"end":{"line":14,"column":3}}]},"3":{"line":59,"type":"cond-expr","locations":[{"start":{"line":59,"column":18},"end":{"line":59,"column":30}},{"start":{"line":59,"column":34},"end":{"line":59,"column":67}}]},"4":{"line":59,"type":"cond-expr","locations":[{"start":{"line":59,"column":43},"end":{"line":59,"column":56}},{"start":{"line":59,"column":59},"end":{"line":59,"column":67}}]},"5":{"line":71,"type":"if","locations":[{"start":{"line":71,"column":9},"end":{"line":71,"column":9}},{"start":{"line":71,"column":9},"end":{"line":71,"column":9}}]},"6":{"line":78,"type":"if","locations":[{"start":{"line":78,"column":9},"end":{"line":78,"column":9}},{"start":{"line":78,"column":9},"end":{"line":78,"column":9}}]},"7":{"line":80,"type":"if","locations":[{"start":{"line":80,"column":12},"end":{"line":80,"column":12}},{"start":{"line":80,"column":12},"end":{"line":80,"column":12}}]},"8":{"line":140,"type":"if","locations":[{"start":{"line":140,"column":3},"end":{"line":140,"column":3}},{"start":{"line":140,"column":3},"end":{"line":140,"column":3}}]},"9":{"line":148,"type":"if","locations":[{"start":{"line":148,"column":3},"end":{"line":148,"column":3}},{"start":{"line":148,"column":3},"end":{"line":148,"column":3}}]},"10":{"line":172,"type":"if","locations":[{"start":{"line":172,"column":3},"end":{"line":172,"column":3}},{"start":{"line":172,"column":3},"end":{"line":172,"column":3}}]},"11":{"line":172,"type":"binary-expr","locations":[{"start":{"line":172,"column":7},"end":{"line":172,"column":32}},{"start":{"line":172,"column":36},"end":{"line":172,"column":60}}]},"12":{"line":181,"type":"cond-expr","locations":[{"start":{"line":181,"column":19},"end":{"line":181,"column":22}},{"start":{"line":181,"column":25},"end":{"line":181,"column":29}}]},"13":{"line":445,"type":"if","locations":[{"start":{"line":445,"column":6},"end":{"line":445,"column":6}},{"start":{"line":445,"column":6},"end":{"line":445,"column":6}}]},"14":{"line":445,"type":"binary-expr","locations":[{"start":{"line":445,"column":10},"end":{"line":445,"column":13}},{"start":{"line":445,"column":17},"end":{"line":445,"column":40}}]},"15":{"line":457,"type":"if","locations":[{"start":{"line":457,"column":3},"end":{"line":457,"column":3}},{"start":{"line":457,"column":3},"end":{"line":457,"column":3}}]},"16":{"line":481,"type":"if","locations":[{"start":{"line":481,"column":6},"end":{"line":481,"column":6}},{"start":{"line":481,"column":6},"end":{"line":481,"column":6}}]},"17":{"line":524,"type":"if","locations":[{"start":{"line":524,"column":6},"end":{"line":524,"column":6}},{"start":{"line":524,"column":6},"end":{"line":524,"column":6}}]},"18":{"line":524,"type":"binary-expr","locations":[{"start":{"line":524,"column":10},"end":{"line":524,"column":13}},{"start":{"line":524,"column":17},"end":{"line":524,"column":40}}]},"19":{"line":553,"type":"if","locations":[{"start":{"line":553,"column":6},"end":{"line":553,"column":6}},{"start":{"line":553,"column":6},"end":{"line":553,"column":6}}]},"20":{"line":563,"type":"if","locations":[{"start":{"line":563,"column":6},"end":{"line":563,"column":6}},{"start":{"line":563,"column":6},"end":{"line":563,"column":6}}]},"21":{"line":573,"type":"if","locations":[{"start":{"line":573,"column":6},"end":{"line":573,"column":6}},{"start":{"line":573,"column":6},"end":{"line":573,"column":6}}]},"22":{"line":609,"type":"if","locations":[{"start":{"line":609,"column":6},"end":{"line":609,"column":6}},{"start":{"line":609,"column":6},"end":{"line":609,"column":6}}]},"23":{"line":611,"type":"if","locations":[{"start":{"line":611,"column":13},"end":{"line":611,"column":13}},{"start":{"line":611,"column":13},"end":{"line":611,"column":13}}]},"24":{"line":628,"type":"if","locations":[{"start":{"line":628,"column":6},"end":{"line":628,"column":6}},{"start":{"line":628,"column":6},"end":{"line":628,"column":6}}]},"25":{"line":628,"type":"binary-expr","locations":[{"start":{"line":628,"column":10},"end":{"line":628,"column":11}},{"start":{"line":628,"column":15},"end":{"line":628,"column":36}}]},"26":{"line":660,"type":"if","locations":[{"start":{"line":660,"column":6},"end":{"line":660,"column":6}},{"start":{"line":660,"column":6},"end":{"line":660,"column":6}}]},"27":{"line":675,"type":"if","locations":[{"start":{"line":675,"column":6},"end":{"line":675,"column":6}},{"start":{"line":675,"column":6},"end":{"line":675,"column":6}}]},"28":{"line":675,"type":"binary-expr","locations":[{"start":{"line":675,"column":10},"end":{"line":675,"column":11}},{"start":{"line":675,"column":15},"end":{"line":675,"column":36}}]},"29":{"line":708,"type":"if","locations":[{"start":{"line":708,"column":6},"end":{"line":708,"column":6}},{"start":{"line":708,"column":6},"end":{"line":708,"column":6}}]},"30":{"line":736,"type":"if","locations":[{"start":{"line":736,"column":9},"end":{"line":736,"column":9}},{"start":{"line":736,"column":9},"end":{"line":736,"column":9}}]},"31":{"line":775,"type":"if","locations":[{"start":{"line":775,"column":9},"end":{"line":775,"column":9}},{"start":{"line":775,"column":9},"end":{"line":775,"column":9}}]},"32":{"line":800,"type":"if","locations":[{"start":{"line":800,"column":3},"end":{"line":800,"column":3}},{"start":{"line":800,"column":3},"end":{"line":800,"column":3}}]},"33":{"line":811,"type":"if","locations":[{"start":{"line":811,"column":3},"end":{"line":811,"column":3}},{"start":{"line":811,"column":3},"end":{"line":811,"column":3}}]},"34":{"line":812,"type":"binary-expr","locations":[{"start":{"line":812,"column":14},"end":{"line":812,"column":41}},{"start":{"line":813,"column":9},"end":{"line":813,"column":39}},{"start":{"line":814,"column":9},"end":{"line":814,"column":38}},{"start":{"line":815,"column":9},"end":{"line":815,"column":41}},{"start":{"line":816,"column":9},"end":{"line":816,"column":40}},{"start":{"line":817,"column":9},"end":{"line":817,"column":43}}]},"35":{"line":819,"type":"binary-expr","locations":[{"start":{"line":819,"column":14},"end":{"line":819,"column":41}},{"start":{"line":820,"column":9},"end":{"line":820,"column":38}},{"start":{"line":821,"column":9},"end":{"line":821,"column":40}}]},"36":{"line":855,"type":"if","locations":[{"start":{"line":855,"column":3},"end":{"line":855,"column":3}},{"start":{"line":855,"column":3},"end":{"line":855,"column":3}}]},"37":{"line":856,"type":"binary-expr","locations":[{"start":{"line":856,"column":14},"end":{"line":856,"column":39}},{"start":{"line":857,"column":9},"end":{"line":857,"column":37}},{"start":{"line":858,"column":9},"end":{"line":858,"column":39}},{"start":{"line":859,"column":9},"end":{"line":859,"column":42}},{"start":{"line":860,"column":9},"end":{"line":860,"column":38}},{"start":{"line":861,"column":9},"end":{"line":861,"column":41}},{"start":{"line":862,"column":9},"end":{"line":862,"column":40}},{"start":{"line":863,"column":9},"end":{"line":863,"column":43}}]},"38":{"line":865,"type":"binary-expr","locations":[{"start":{"line":865,"column":14},"end":{"line":865,"column":39}},{"start":{"line":866,"column":9},"end":{"line":866,"column":39}},{"start":{"line":867,"column":9},"end":{"line":867,"column":38}},{"start":{"line":868,"column":9},"end":{"line":868,"column":40}}]},"39":{"line":880,"type":"if","locations":[{"start":{"line":880,"column":3},"end":{"line":880,"column":3}},{"start":{"line":880,"column":3},"end":{"line":880,"column":3}}]},"40":{"line":895,"type":"if","locations":[{"start":{"line":895,"column":9},"end":{"line":895,"column":9}},{"start":{"line":895,"column":9},"end":{"line":895,"column":9}}]},"41":{"line":897,"type":"if","locations":[{"start":{"line":897,"column":16},"end":{"line":897,"column":16}},{"start":{"line":897,"column":16},"end":{"line":897,"column":16}}]},"42":{"line":916,"type":"if","locations":[{"start":{"line":916,"column":3},"end":{"line":916,"column":3}},{"start":{"line":916,"column":3},"end":{"line":916,"column":3}}]},"43":{"line":922,"type":"if","locations":[{"start":{"line":922,"column":3},"end":{"line":922,"column":3}},{"start":{"line":922,"column":3},"end":{"line":922,"column":3}}]},"44":{"line":926,"type":"if","locations":[{"start":{"line":926,"column":3},"end":{"line":926,"column":3}},{"start":{"line":926,"column":3},"end":{"line":926,"column":3}}]}}},"C:\\JDA\\DX\\_FY18\\YOEMAN\\generator-csebot\\generators\\azure\\app.js":{"path":"C:\\JDA\\DX\\_FY18\\YOEMAN\\generator-csebot\\generators\\azure\\app.js","s":{"1":1,"2":1,"3":1,"4":1,"5":1,"6":0,"7":0,"8":0,"9":0,"10":0,"11":0,"12":0,"13":0,"14":0,"15":0,"16":0,"17":0,"18":0,"19":0,"20":0,"21":0,"22":0,"23":0,"24":0,"25":0,"26":0,"27":0,"28":0,"29":1,"30":0,"31":0,"32":0,"33":0,"34":0,"35":0,"36":0,"37":1,"38":0,"39":0,"40":0,"41":0,"42":0,"43":0,"44":0,"45":0,"46":0,"47":0,"48":0,"49":0,"50":0,"51":0,"52":0,"53":0,"54":0,"55":0,"56":0,"57":0,"58":0,"59":1},"b":{"1":[0,0],"2":[0,0],"3":[0,0],"4":[0,0],"5":[0,0],"6":[0,0],"7":[0,0],"8":[0,0],"9":[0,0],"10":[0,0],"11":[0,0],"12":[0,0],"13":[0,0],"14":[0,0],"15":[0,0],"16":[0,0],"17":[0,0]},"f":{"1":0,"2":0,"3":0,"4":0,"5":0,"6":0,"7":0,"8":0,"9":0,"10":0,"11":0,"12":0,"13":0,"14":0,"15":0},"fnMap":{"1":{"name":"run","line":8,"loc":{"start":{"line":8,"column":0},"end":{"line":8,"column":30}}},"2":{"name":"(anonymous_2)","line":22,"loc":{"start":{"line":22,"column":6},"end":{"line":22,"column":28}}},"3":{"name":"(anonymous_3)","line":23,"loc":{"start":{"line":23,"column":62},"end":{"line":23,"column":81}}},"4":{"name":"(anonymous_4)","line":28,"loc":{"start":{"line":28,"column":6},"end":{"line":28,"column":28}}},"5":{"name":"(anonymous_5)","line":30,"loc":{"start":{"line":30,"column":67},"end":{"line":30,"column":87}}},"6":{"name":"(anonymous_6)","line":47,"loc":{"start":{"line":47,"column":6},"end":{"line":47,"column":28}}},"7":{"name":"(anonymous_7)","line":50,"loc":{"start":{"line":50,"column":6},"end":{"line":50,"column":30}}},"8":{"name":"findOrCreateAzureServiceEndpoint","line":64,"loc":{"start":{"line":64,"column":0},"end":{"line":64,"column":89}}},"9":{"name":"(anonymous_9)","line":67,"loc":{"start":{"line":67,"column":73},"end":{"line":67,"column":90}}},"10":{"name":"createAzureServiceEndpoint","line":84,"loc":{"start":{"line":84,"column":0},"end":{"line":84,"column":83}}},"11":{"name":"(anonymous_11)","line":128,"loc":{"start":{"line":128,"column":20},"end":{"line":128,"column":50}}},"12":{"name":"(anonymous_12)","line":144,"loc":{"start":{"line":144,"column":12},"end":{"line":144,"column":24}}},"13":{"name":"(anonymous_13)","line":145,"loc":{"start":{"line":145,"column":12},"end":{"line":145,"column":32}}},"14":{"name":"(anonymous_14)","line":146,"loc":{"start":{"line":146,"column":49},"end":{"line":146,"column":68}}},"15":{"name":"(anonymous_15)","line":157,"loc":{"start":{"line":157,"column":12},"end":{"line":157,"column":33}}}},"statementMap":{"1":{"start":{"line":2,"column":0},"end":{"line":2,"column":31}},"2":{"start":{"line":3,"column":0},"end":{"line":3,"column":35}},"3":{"start":{"line":4,"column":0},"end":{"line":4,"column":39}},"4":{"start":{"line":6,"column":0},"end":{"line":6,"column":54}},"5":{"start":{"line":8,"column":0},"end":{"line":62,"column":1}},"6":{"start":{"line":11,"column":3},"end":{"line":17,"column":5}},"7":{"start":{"line":18,"column":3},"end":{"line":18,"column":24}},"8":{"start":{"line":19,"column":3},"end":{"line":19,"column":40}},"9":{"start":{"line":21,"column":3},"end":{"line":61,"column":9}},"10":{"start":{"line":23,"column":9},"end":{"line":26,"column":12}},"11":{"start":{"line":24,"column":12},"end":{"line":24,"column":29}},"12":{"start":{"line":25,"column":12},"end":{"line":25,"column":32}},"13":{"start":{"line":29,"column":9},"end":{"line":45,"column":10}},"14":{"start":{"line":30,"column":12},"end":{"line":42,"column":15}},"15":{"start":{"line":31,"column":15},"end":{"line":40,"column":16}},"16":{"start":{"line":32,"column":18},"end":{"line":32,"column":85}},"17":{"start":{"line":33,"column":18},"end":{"line":33,"column":82}},"18":{"start":{"line":35,"column":18},"end":{"line":35,"column":50}},"19":{"start":{"line":36,"column":18},"end":{"line":36,"column":51}},"20":{"start":{"line":37,"column":18},"end":{"line":37,"column":63}},"21":{"start":{"line":39,"column":18},"end":{"line":39,"column":73}},"22":{"start":{"line":41,"column":15},"end":{"line":41,"column":36}},"23":{"start":{"line":44,"column":12},"end":{"line":44,"column":35}},"24":{"start":{"line":48,"column":9},"end":{"line":48,"column":102}},"25":{"start":{"line":52,"column":9},"end":{"line":54,"column":10}},"26":{"start":{"line":53,"column":12},"end":{"line":53,"column":22}},"27":{"start":{"line":56,"column":9},"end":{"line":60,"column":10}},"28":{"start":{"line":59,"column":12},"end":{"line":59,"column":39}},"29":{"start":{"line":64,"column":0},"end":{"line":82,"column":1}},"30":{"start":{"line":67,"column":3},"end":{"line":81,"column":6}},"31":{"start":{"line":68,"column":6},"end":{"line":80,"column":7}},"32":{"start":{"line":70,"column":9},"end":{"line":70,"column":27}},"33":{"start":{"line":73,"column":9},"end":{"line":79,"column":10}},"34":{"start":{"line":75,"column":12},"end":{"line":75,"column":86}},"35":{"start":{"line":77,"column":12},"end":{"line":77,"column":68}},"36":{"start":{"line":78,"column":12},"end":{"line":78,"column":28}},"37":{"start":{"line":84,"column":0},"end":{"line":171,"column":1}},"38":{"start":{"line":87,"column":3},"end":{"line":87,"column":60}},"39":{"start":{"line":89,"column":3},"end":{"line":89,"column":68}},"40":{"start":{"line":91,"column":3},"end":{"line":126,"column":6}},"41":{"start":{"line":128,"column":3},"end":{"line":170,"column":6}},"42":{"start":{"line":129,"column":6},"end":{"line":132,"column":7}},"43":{"start":{"line":130,"column":9},"end":{"line":130,"column":23}},"44":{"start":{"line":131,"column":9},"end":{"line":131,"column":16}},"45":{"start":{"line":134,"column":6},"end":{"line":169,"column":7}},"46":{"start":{"line":139,"column":9},"end":{"line":139,"column":156}},"47":{"start":{"line":141,"column":9},"end":{"line":141,"column":25}},"48":{"start":{"line":143,"column":9},"end":{"line":166,"column":11}},"49":{"start":{"line":144,"column":26},"end":{"line":144,"column":75}},"50":{"start":{"line":146,"column":15},"end":{"line":155,"column":18}},"51":{"start":{"line":148,"column":18},"end":{"line":152,"column":19}},"52":{"start":{"line":151,"column":21},"end":{"line":151,"column":55}},"53":{"start":{"line":154,"column":18},"end":{"line":154,"column":36}},"54":{"start":{"line":159,"column":15},"end":{"line":162,"column":16}},"55":{"start":{"line":160,"column":18},"end":{"line":160,"column":118}},"56":{"start":{"line":161,"column":18},"end":{"line":161,"column":114}},"57":{"start":{"line":164,"column":15},"end":{"line":164,"column":35}},"58":{"start":{"line":168,"column":9},"end":{"line":168,"column":28}},"59":{"start":{"line":173,"column":0},"end":{"line":180,"column":2}}},"branchMap":{"1":{"line":29,"type":"if","locations":[{"start":{"line":29,"column":9},"end":{"line":29,"column":9}},{"start":{"line":29,"column":9},"end":{"line":29,"column":9}}]},"2":{"line":31,"type":"if","locations":[{"start":{"line":31,"column":15},"end":{"line":31,"column":15}},{"start":{"line":31,"column":15},"end":{"line":31,"column":15}}]},"3":{"line":52,"type":"if","locations":[{"start":{"line":52,"column":9},"end":{"line":52,"column":9}},{"start":{"line":52,"column":9},"end":{"line":52,"column":9}}]},"4":{"line":56,"type":"if","locations":[{"start":{"line":56,"column":9},"end":{"line":56,"column":9}},{"start":{"line":56,"column":9},"end":{"line":56,"column":9}}]},"5":{"line":68,"type":"if","locations":[{"start":{"line":68,"column":6},"end":{"line":68,"column":6}},{"start":{"line":68,"column":6},"end":{"line":68,"column":6}}]},"6":{"line":73,"type":"if","locations":[{"start":{"line":73,"column":9},"end":{"line":73,"column":9}},{"start":{"line":73,"column":9},"end":{"line":73,"column":9}}]},"7":{"line":89,"type":"cond-expr","locations":[{"start":{"line":89,"column":45},"end":{"line":89,"column":56}},{"start":{"line":89,"column":59},"end":{"line":89,"column":67}}]},"8":{"line":111,"type":"cond-expr","locations":[{"start":{"line":111,"column":91},"end":{"line":111,"column":113}},{"start":{"line":111,"column":116},"end":{"line":111,"column":118}}]},"9":{"line":111,"type":"binary-expr","locations":[{"start":{"line":111,"column":36},"end":{"line":111,"column":58}},{"start":{"line":111,"column":62},"end":{"line":111,"column":87}}]},"10":{"line":112,"type":"cond-expr","locations":[{"start":{"line":112,"column":93},"end":{"line":112,"column":116}},{"start":{"line":112,"column":119},"end":{"line":112,"column":121}}]},"11":{"line":112,"type":"binary-expr","locations":[{"start":{"line":112,"column":37},"end":{"line":112,"column":60}},{"start":{"line":112,"column":64},"end":{"line":112,"column":89}}]},"12":{"line":129,"type":"if","locations":[{"start":{"line":129,"column":6},"end":{"line":129,"column":6}},{"start":{"line":129,"column":6},"end":{"line":129,"column":6}}]},"13":{"line":134,"type":"if","locations":[{"start":{"line":134,"column":6},"end":{"line":134,"column":6}},{"start":{"line":134,"column":6},"end":{"line":134,"column":6}}]},"14":{"line":144,"type":"binary-expr","locations":[{"start":{"line":144,"column":33},"end":{"line":144,"column":52}},{"start":{"line":144,"column":56},"end":{"line":144,"column":74}}]},"15":{"line":148,"type":"if","locations":[{"start":{"line":148,"column":18},"end":{"line":148,"column":18}},{"start":{"line":148,"column":18},"end":{"line":148,"column":18}}]},"16":{"line":159,"type":"if","locations":[{"start":{"line":159,"column":15},"end":{"line":159,"column":15}},{"start":{"line":159,"column":15},"end":{"line":159,"column":15}}]},"17":{"line":159,"type":"binary-expr","locations":[{"start":{"line":159,"column":19},"end":{"line":159,"column":23}},{"start":{"line":159,"column":27},"end":{"line":159,"column":66}}]}}},"C:\\JDA\\DX\\_FY18\\YOEMAN\\generator-csebot\\generators\\build\\app.js":{"path":"C:\\JDA\\DX\\_FY18\\YOEMAN\\generator-csebot\\generators\\build\\app.js","s":{"1":1,"2":1,"3":1,"4":1,"5":1,"6":1,"7":0,"8":0,"9":0,"10":0,"11":0,"12":0,"13":0,"14":0,"15":0,"16":0,"17":0,"18":0,"19":0,"20":0,"21":0,"22":0,"23":1,"24":0,"25":0,"26":0,"27":0,"28":0,"29":0,"30":0,"31":1,"32":0,"33":0,"34":0,"35":0,"36":0,"37":0,"38":0,"39":0,"40":0,"41":0,"42":0,"43":1,"44":0,"45":0,"46":0,"47":0,"48":0,"49":0,"50":0,"51":1},"b":{"1":[0,0],"2":[0,0],"3":[0,0],"4":[0,0],"5":[0,0],"6":[0,0]},"f":{"1":0,"2":0,"3":0,"4":0,"5":0,"6":0,"7":0,"8":0,"9":0,"10":0,"11":0,"12":0,"13":0},"fnMap":{"1":{"name":"run","line":9,"loc":{"start":{"line":9,"column":0},"end":{"line":9,"column":30}}},"2":{"name":"(anonymous_2)","line":19,"loc":{"start":{"line":19,"column":9},"end":{"line":19,"column":31}}},"3":{"name":"(anonymous_3)","line":20,"loc":{"start":{"line":20,"column":65},"end":{"line":20,"column":84}}},"4":{"name":"(anonymous_4)","line":25,"loc":{"start":{"line":25,"column":9},"end":{"line":25,"column":31}}},"5":{"name":"(anonymous_5)","line":27,"loc":{"start":{"line":27,"column":15},"end":{"line":27,"column":37}}},"6":{"name":"(anonymous_6)","line":28,"loc":{"start":{"line":28,"column":75},"end":{"line":28,"column":94}}},"7":{"name":"(anonymous_7)","line":56,"loc":{"start":{"line":56,"column":9},"end":{"line":56,"column":31}}},"8":{"name":"(anonymous_8)","line":61,"loc":{"start":{"line":61,"column":6},"end":{"line":61,"column":30}}},"9":{"name":"findOrCreateBuild","line":75,"loc":{"start":{"line":75,"column":0},"end":{"line":77,"column":36}}},"10":{"name":"(anonymous_10)","line":80,"loc":{"start":{"line":80,"column":58},"end":{"line":80,"column":76}}},"11":{"name":"createBuild","line":96,"loc":{"start":{"line":96,"column":0},"end":{"line":98,"column":36}}},"12":{"name":"(anonymous_12)","line":143,"loc":{"start":{"line":143,"column":20},"end":{"line":143,"column":53}}},"13":{"name":"getBuild","line":155,"loc":{"start":{"line":155,"column":0},"end":{"line":155,"column":34}}}},"statementMap":{"1":{"start":{"line":2,"column":0},"end":{"line":2,"column":25}},"2":{"start":{"line":3,"column":0},"end":{"line":3,"column":31}},"3":{"start":{"line":4,"column":0},"end":{"line":4,"column":35}},"4":{"start":{"line":5,"column":0},"end":{"line":5,"column":39}},"5":{"start":{"line":7,"column":0},"end":{"line":7,"column":32}},"6":{"start":{"line":9,"column":0},"end":{"line":73,"column":1}},"7":{"start":{"line":12,"column":3},"end":{"line":12,"column":19}},"8":{"start":{"line":13,"column":3},"end":{"line":13,"column":19}},"9":{"start":{"line":16,"column":3},"end":{"line":16,"column":40}},"10":{"start":{"line":18,"column":3},"end":{"line":72,"column":9}},"11":{"start":{"line":20,"column":12},"end":{"line":23,"column":15}},"12":{"start":{"line":21,"column":15},"end":{"line":21,"column":32}},"13":{"start":{"line":22,"column":15},"end":{"line":22,"column":35}},"14":{"start":{"line":26,"column":12},"end":{"line":54,"column":27}},"15":{"start":{"line":28,"column":18},"end":{"line":31,"column":21}},"16":{"start":{"line":29,"column":21},"end":{"line":29,"column":34}},"17":{"start":{"line":30,"column":21},"end":{"line":30,"column":41}},"18":{"start":{"line":58,"column":12},"end":{"line":58,"column":115}},"19":{"start":{"line":63,"column":9},"end":{"line":65,"column":10}},"20":{"start":{"line":64,"column":12},"end":{"line":64,"column":22}},"21":{"start":{"line":67,"column":9},"end":{"line":71,"column":10}},"22":{"start":{"line":70,"column":12},"end":{"line":70,"column":39}},"23":{"start":{"line":75,"column":0},"end":{"line":94,"column":1}},"24":{"start":{"line":80,"column":3},"end":{"line":93,"column":6}},"25":{"start":{"line":81,"column":6},"end":{"line":83,"column":7}},"26":{"start":{"line":82,"column":9},"end":{"line":82,"column":21}},"27":{"start":{"line":85,"column":6},"end":{"line":92,"column":7}},"28":{"start":{"line":86,"column":9},"end":{"line":88,"column":45}},"29":{"start":{"line":90,"column":9},"end":{"line":90,"column":45}},"30":{"start":{"line":91,"column":9},"end":{"line":91,"column":26}},"31":{"start":{"line":96,"column":0},"end":{"line":153,"column":1}},"32":{"start":{"line":102,"column":3},"end":{"line":102,"column":47}},"33":{"start":{"line":104,"column":3},"end":{"line":104,"column":58}},"34":{"start":{"line":111,"column":3},"end":{"line":111,"column":52}},"35":{"start":{"line":112,"column":3},"end":{"line":121,"column":5}},"36":{"start":{"line":123,"column":3},"end":{"line":123,"column":46}},"37":{"start":{"line":126,"column":3},"end":{"line":126,"column":38}},"38":{"start":{"line":128,"column":3},"end":{"line":141,"column":6}},"39":{"start":{"line":143,"column":3},"end":{"line":152,"column":6}},"40":{"start":{"line":145,"column":6},"end":{"line":149,"column":7}},"41":{"start":{"line":148,"column":9},"end":{"line":148,"column":72}},"42":{"start":{"line":151,"column":6},"end":{"line":151,"column":28}},"43":{"start":{"line":155,"column":0},"end":{"line":181,"column":1}},"44":{"start":{"line":156,"column":3},"end":{"line":156,"column":18}},"45":{"start":{"line":158,"column":3},"end":{"line":158,"column":38}},"46":{"start":{"line":171,"column":3},"end":{"line":179,"column":9}},"47":{"start":{"line":172,"column":9},"end":{"line":176,"column":10}},"48":{"start":{"line":173,"column":12},"end":{"line":173,"column":55}},"49":{"start":{"line":175,"column":12},"end":{"line":175,"column":54}},"50":{"start":{"line":178,"column":9},"end":{"line":178,"column":28}},"51":{"start":{"line":183,"column":0},"end":{"line":191,"column":2}}},"branchMap":{"1":{"line":63,"type":"if","locations":[{"start":{"line":63,"column":9},"end":{"line":63,"column":9}},{"start":{"line":63,"column":9},"end":{"line":63,"column":9}}]},"2":{"line":67,"type":"if","locations":[{"start":{"line":67,"column":9},"end":{"line":67,"column":9}},{"start":{"line":67,"column":9},"end":{"line":67,"column":9}}]},"3":{"line":81,"type":"if","locations":[{"start":{"line":81,"column":6},"end":{"line":81,"column":6}},{"start":{"line":81,"column":6},"end":{"line":81,"column":6}}]},"4":{"line":85,"type":"if","locations":[{"start":{"line":85,"column":6},"end":{"line":85,"column":6}},{"start":{"line":85,"column":6},"end":{"line":85,"column":6}}]},"5":{"line":145,"type":"if","locations":[{"start":{"line":145,"column":6},"end":{"line":145,"column":6}},{"start":{"line":145,"column":6},"end":{"line":145,"column":6}}]},"6":{"line":172,"type":"if","locations":[{"start":{"line":172,"column":9},"end":{"line":172,"column":9}},{"start":{"line":172,"column":9},"end":{"line":172,"column":9}}]}}}}