TN:
SF:C:\JDA\DX\_FY18\YOEMAN\generator-csebot\generators\app\utility.js
FN:13,(anonymous_1)
FN:19,(anonymous_2)
FN:44,addUserAgent
FN:49,getUserAgent
FN:53,reconcileValue
FN:65,getTargets
FN:67,(anonymous_7)
FN:70,(anonymous_8)
FN:114,getBotTypes
FN:139,getPATPrompt
FN:155,getInstancePrompt
FN:159,getDefaultPortMapping
FN:180,validateRequired
FN:184,validatePortMapping
FN:192,validateBotName
FN:196,validatePersonalAccessToken
FN:200,validateTFS
FN:204,validateAzureSub
FN:232,validateAzureSubID
FN:236,validateAzureTenantID
FN:240,validateServicePrincipalID
FN:244,validateServicePrincipalKey
FN:248,tokenize
FN:256,encodePat
FN:268,checkStatus
FN:283,(anonymous_26)
FN:357,getServiceEndpoint
FN:370,(anonymous_28)
FN:438,tryFindAzureServiceEndpoint
FN:444,(anonymous_30)
FN:453,findAzureServiceEndpoint
FN:474,(anonymous_32)
FN:477,(anonymous_33)
FN:493,findAzureSub
FN:506,(anonymous_35)
FN:509,(anonymous_36)
FN:517,tryFindProject
FN:523,(anonymous_38)
FN:532,findProject
FN:551,(anonymous_40)
FN:588,findQueue
FN:606,(anonymous_42)
FN:624,tryFindBuild
FN:627,(anonymous_44)
FN:636,findBuild
FN:653,(anonymous_46)
FN:656,(anonymous_47)
FN:671,tryFindRelease
FN:674,(anonymous_49)
FN:683,findRelease
FN:701,(anonymous_51)
FN:704,(anonymous_52)
FN:719,getAzureSubs
FN:734,(anonymous_54)
FN:735,(anonymous_55)
FN:756,getPools
FN:773,(anonymous_57)
FN:774,(anonymous_58)
FN:790,extractInstance
FN:810,needsRegistry
FN:854,isPaaS
FN:872,isVSTS
FN:879,isTFSGreaterThan2017
FN:894,(anonymous_64)
FN:906,getFullURL
FNF:65
FNH:0
FNDA:0,(anonymous_1)
FNDA:0,(anonymous_2)
FNDA:0,addUserAgent
FNDA:0,getUserAgent
FNDA:0,reconcileValue
FNDA:0,getTargets
FNDA:0,(anonymous_7)
FNDA:0,(anonymous_8)
FNDA:0,getBotTypes
FNDA:0,getPATPrompt
FNDA:0,getInstancePrompt
FNDA:0,getDefaultPortMapping
FNDA:0,validateRequired
FNDA:0,validatePortMapping
FNDA:0,validateBotName
FNDA:0,validatePersonalAccessToken
FNDA:0,validateTFS
FNDA:0,validateAzureSub
FNDA:0,validateAzureSubID
FNDA:0,validateAzureTenantID
FNDA:0,validateServicePrincipalID
FNDA:0,validateServicePrincipalKey
FNDA:0,tokenize
FNDA:0,encodePat
FNDA:0,checkStatus
FNDA:0,(anonymous_26)
FNDA:0,getServiceEndpoint
FNDA:0,(anonymous_28)
FNDA:0,tryFindAzureServiceEndpoint
FNDA:0,(anonymous_30)
FNDA:0,findAzureServiceEndpoint
FNDA:0,(anonymous_32)
FNDA:0,(anonymous_33)
FNDA:0,findAzureSub
FNDA:0,(anonymous_35)
FNDA:0,(anonymous_36)
FNDA:0,tryFindProject
FNDA:0,(anonymous_38)
FNDA:0,findProject
FNDA:0,(anonymous_40)
FNDA:0,findQueue
FNDA:0,(anonymous_42)
FNDA:0,tryFindBuild
FNDA:0,(anonymous_44)
FNDA:0,findBuild
FNDA:0,(anonymous_46)
FNDA:0,(anonymous_47)
FNDA:0,tryFindRelease
FNDA:0,(anonymous_49)
FNDA:0,findRelease
FNDA:0,(anonymous_51)
FNDA:0,(anonymous_52)
FNDA:0,getAzureSubs
FNDA:0,(anonymous_54)
FNDA:0,(anonymous_55)
FNDA:0,getPools
FNDA:0,(anonymous_57)
FNDA:0,(anonymous_58)
FNDA:0,extractInstance
FNDA:0,needsRegistry
FNDA:0,isPaaS
FNDA:0,isVSTS
FNDA:0,isTFSGreaterThan2017
FNDA:0,(anonymous_64)
FNDA:0,getFullURL
DA:1,1
DA:2,1
DA:3,1
DA:5,1
DA:6,1
DA:7,1
DA:8,1
DA:9,1
DA:11,1
DA:13,1
DA:14,0
DA:15,0
DA:19,1
DA:20,0
DA:21,0
DA:44,1
DA:45,0
DA:46,0
DA:49,1
DA:50,0
DA:53,1
DA:59,0
DA:65,1
DA:67,0
DA:68,0
DA:70,0
DA:71,0
DA:72,0
DA:73,0
DA:76,0
DA:78,0
DA:80,0
DA:81,0
DA:89,0
DA:109,0
DA:114,1
DA:116,0
DA:136,0
DA:139,1
DA:140,0
DA:145,0
DA:148,0
DA:149,0
DA:152,0
DA:155,1
DA:156,0
DA:159,1
DA:172,0
DA:173,0
DA:175,0
DA:180,1
DA:181,0
DA:184,1
DA:185,0
DA:192,1
DA:193,0
DA:196,1
DA:197,0
DA:200,1
DA:201,0
DA:204,1
DA:205,0
DA:232,1
DA:233,0
DA:236,1
DA:237,0
DA:240,1
DA:241,0
DA:244,1
DA:245,0
DA:248,1
DA:249,0
DA:250,0
DA:253,0
DA:256,1
DA:262,0
DA:263,0
DA:265,0
DA:268,1
DA:275,0
DA:283,0
DA:285,0
DA:287,0
DA:288,0
DA:291,0
DA:292,0
DA:295,0
DA:357,1
DA:358,0
DA:370,0
DA:371,0
DA:438,1
DA:444,0
DA:445,0
DA:446,0
DA:448,0
DA:453,1
DA:457,0
DA:458,0
DA:459,0
DA:462,0
DA:474,0
DA:475,0
DA:477,0
DA:478,0
DA:481,0
DA:482,0
DA:488,0
DA:493,1
DA:496,0
DA:506,0
DA:507,0
DA:509,0
DA:510,0
DA:513,0
DA:517,1
DA:523,0
DA:524,0
DA:525,0
DA:527,0
DA:532,1
DA:539,0
DA:551,0
DA:553,0
DA:554,0
DA:555,0
DA:563,0
DA:566,0
DA:567,0
DA:570,0
DA:573,0
DA:575,0
DA:580,0
DA:583,0
DA:588,1
DA:591,0
DA:593,0
DA:606,0
DA:607,0
DA:609,0
DA:610,0
DA:611,0
DA:614,0
DA:618,0
DA:619,0
DA:624,1
DA:627,0
DA:628,0
DA:629,0
DA:631,0
DA:636,1
DA:640,0
DA:641,0
DA:653,0
DA:654,0
DA:656,0
DA:657,0
DA:660,0
DA:661,0
DA:666,0
DA:671,1
DA:674,0
DA:675,0
DA:676,0
DA:678,0
DA:683,1
DA:687,0
DA:689,0
DA:701,0
DA:702,0
DA:704,0
DA:705,0
DA:708,0
DA:709,0
DA:714,0
DA:719,1
DA:722,0
DA:724,0
DA:734,0
DA:735,0
DA:736,0
DA:737,0
DA:738,0
DA:741,0
DA:743,0
DA:745,0
DA:746,0
DA:751,0
DA:756,1
DA:759,0
DA:761,0
DA:773,0
DA:774,0
DA:775,0
DA:776,0
DA:777,0
DA:780,0
DA:781,0
DA:790,1
DA:800,0
DA:801,0
DA:804,0
DA:805,0
DA:807,0
DA:810,1
DA:811,0
DA:812,0
DA:819,0
DA:854,1
DA:855,0
DA:856,0
DA:865,0
DA:872,1
DA:873,0
DA:879,1
DA:880,0
DA:881,0
DA:885,0
DA:894,0
DA:895,0
DA:896,0
DA:897,0
DA:898,0
DA:900,0
DA:906,1
DA:916,0
DA:917,0
DA:920,0
DA:922,0
DA:923,0
DA:926,0
DA:927,0
DA:930,0
DA:933,1
LF:234
LH:52
BRDA:11,1,0,1
BRDA:11,1,1,1
BRDA:14,2,0,0
BRDA:14,2,1,0
BRDA:59,3,0,0
BRDA:59,3,1,0
BRDA:59,4,0,0
BRDA:59,4,1,0
BRDA:71,5,0,0
BRDA:71,5,1,0
BRDA:78,6,0,0
BRDA:78,6,1,0
BRDA:80,7,0,0
BRDA:80,7,1,0
BRDA:140,8,0,0
BRDA:140,8,1,0
BRDA:148,9,0,0
BRDA:148,9,1,0
BRDA:172,10,0,0
BRDA:172,10,1,0
BRDA:172,11,0,0
BRDA:172,11,1,0
BRDA:181,12,0,0
BRDA:181,12,1,0
BRDA:445,13,0,0
BRDA:445,13,1,0
BRDA:445,14,0,0
BRDA:445,14,1,0
BRDA:457,15,0,0
BRDA:457,15,1,0
BRDA:481,16,0,0
BRDA:481,16,1,0
BRDA:524,17,0,0
BRDA:524,17,1,0
BRDA:524,18,0,0
BRDA:524,18,1,0
BRDA:553,19,0,0
BRDA:553,19,1,0
BRDA:563,20,0,0
BRDA:563,20,1,0
BRDA:573,21,0,0
BRDA:573,21,1,0
BRDA:609,22,0,0
BRDA:609,22,1,0
BRDA:611,23,0,0
BRDA:611,23,1,0
BRDA:628,24,0,0
BRDA:628,24,1,0
BRDA:628,25,0,0
BRDA:628,25,1,0
BRDA:660,26,0,0
BRDA:660,26,1,0
BRDA:675,27,0,0
BRDA:675,27,1,0
BRDA:675,28,0,0
BRDA:675,28,1,0
BRDA:708,29,0,0
BRDA:708,29,1,0
BRDA:736,30,0,0
BRDA:736,30,1,0
BRDA:775,31,0,0
BRDA:775,31,1,0
BRDA:800,32,0,0
BRDA:800,32,1,0
BRDA:811,33,0,0
BRDA:811,33,1,0
BRDA:812,34,0,0
BRDA:812,34,1,0
BRDA:812,34,2,0
BRDA:812,34,3,0
BRDA:812,34,4,0
BRDA:812,34,5,0
BRDA:819,35,0,0
BRDA:819,35,1,0
BRDA:819,35,2,0
BRDA:855,36,0,0
BRDA:855,36,1,0
BRDA:856,37,0,0
BRDA:856,37,1,0
BRDA:856,37,2,0
BRDA:856,37,3,0
BRDA:856,37,4,0
BRDA:856,37,5,0
BRDA:856,37,6,0
BRDA:856,37,7,0
BRDA:865,38,0,0
BRDA:865,38,1,0
BRDA:865,38,2,0
BRDA:865,38,3,0
BRDA:880,39,0,0
BRDA:880,39,1,0
BRDA:895,40,0,0
BRDA:895,40,1,0
BRDA:897,41,0,0
BRDA:897,41,1,0
BRDA:916,42,0,0
BRDA:916,42,1,0
BRDA:922,43,0,0
BRDA:922,43,1,0
BRDA:926,44,0,0
BRDA:926,44,1,0
BRF:101
BRH:2
end_of_record
TN:
SF:C:\JDA\DX\_FY18\YOEMAN\generator-csebot\generators\azure\app.js
FN:8,run
FN:22,(anonymous_2)
FN:23,(anonymous_3)
FN:28,(anonymous_4)
FN:30,(anonymous_5)
FN:47,(anonymous_6)
FN:50,(anonymous_7)
FN:64,findOrCreateAzureServiceEndpoint
FN:67,(anonymous_9)
FN:84,createAzureServiceEndpoint
FN:128,(anonymous_11)
FN:144,(anonymous_12)
FN:145,(anonymous_13)
FN:146,(anonymous_14)
FN:157,(anonymous_15)
FNF:15
FNH:0
FNDA:0,run
FNDA:0,(anonymous_2)
FNDA:0,(anonymous_3)
FNDA:0,(anonymous_4)
FNDA:0,(anonymous_5)
FNDA:0,(anonymous_6)
FNDA:0,(anonymous_7)
FNDA:0,findOrCreateAzureServiceEndpoint
FNDA:0,(anonymous_9)
FNDA:0,createAzureServiceEndpoint
FNDA:0,(anonymous_11)
FNDA:0,(anonymous_12)
FNDA:0,(anonymous_13)
FNDA:0,(anonymous_14)
FNDA:0,(anonymous_15)
DA:2,1
DA:3,1
DA:4,1
DA:6,1
DA:8,1
DA:11,0
DA:18,0
DA:19,0
DA:21,0
DA:23,0
DA:24,0
DA:25,0
DA:29,0
DA:30,0
DA:31,0
DA:32,0
DA:33,0
DA:35,0
DA:36,0
DA:37,0
DA:39,0
DA:41,0
DA:44,0
DA:48,0
DA:52,0
DA:53,0
DA:56,0
DA:59,0
DA:64,1
DA:67,0
DA:68,0
DA:70,0
DA:73,0
DA:75,0
DA:77,0
DA:78,0
DA:84,1
DA:87,0
DA:89,0
DA:91,0
DA:128,0
DA:129,0
DA:130,0
DA:131,0
DA:134,0
DA:139,0
DA:141,0
DA:143,0
DA:144,0
DA:146,0
DA:148,0
DA:151,0
DA:154,0
DA:159,0
DA:160,0
DA:161,0
DA:164,0
DA:168,0
DA:173,1
LF:59
LH:8
BRDA:29,1,0,0
BRDA:29,1,1,0
BRDA:31,2,0,0
BRDA:31,2,1,0
BRDA:52,3,0,0
BRDA:52,3,1,0
BRDA:56,4,0,0
BRDA:56,4,1,0
BRDA:68,5,0,0
BRDA:68,5,1,0
BRDA:73,6,0,0
BRDA:73,6,1,0
BRDA:89,7,0,0
BRDA:89,7,1,0
BRDA:111,8,0,0
BRDA:111,8,1,0
BRDA:111,9,0,0
BRDA:111,9,1,0
BRDA:112,10,0,0
BRDA:112,10,1,0
BRDA:112,11,0,0
BRDA:112,11,1,0
BRDA:129,12,0,0
BRDA:129,12,1,0
BRDA:134,13,0,0
BRDA:134,13,1,0
BRDA:144,14,0,0
BRDA:144,14,1,0
BRDA:148,15,0,0
BRDA:148,15,1,0
BRDA:159,16,0,0
BRDA:159,16,1,0
BRDA:159,17,0,0
BRDA:159,17,1,0
BRF:34
BRH:0
end_of_record
TN:
SF:C:\JDA\DX\_FY18\YOEMAN\generator-csebot\generators\build\app.js
FN:9,run
FN:19,(anonymous_2)
FN:20,(anonymous_3)
FN:25,(anonymous_4)
FN:27,(anonymous_5)
FN:28,(anonymous_6)
FN:56,(anonymous_7)
FN:61,(anonymous_8)
FN:75,findOrCreateBuild
FN:80,(anonymous_10)
FN:96,createBuild
FN:143,(anonymous_12)
FN:155,getBuild
FNF:13
FNH:0
FNDA:0,run
FNDA:0,(anonymous_2)
FNDA:0,(anonymous_3)
FNDA:0,(anonymous_4)
FNDA:0,(anonymous_5)
FNDA:0,(anonymous_6)
FNDA:0,(anonymous_7)
FNDA:0,(anonymous_8)
FNDA:0,findOrCreateBuild
FNDA:0,(anonymous_10)
FNDA:0,createBuild
FNDA:0,(anonymous_12)
FNDA:0,getBuild
DA:2,1
DA:3,1
DA:4,1
DA:5,1
DA:7,1
DA:9,1
DA:12,0
DA:13,0
DA:16,0
DA:18,0
DA:20,0
DA:21,0
DA:22,0
DA:26,0
DA:28,0
DA:29,0
DA:30,0
DA:58,0
DA:63,0
DA:64,0
DA:67,0
DA:70,0
DA:75,1
DA:80,0
DA:81,0
DA:82,0
DA:85,0
DA:86,0
DA:90,0
DA:91,0
DA:96,1
DA:102,0
DA:104,0
DA:111,0
DA:112,0
DA:123,0
DA:126,0
DA:128,0
DA:143,0
DA:145,0
DA:148,0
DA:151,0
DA:155,1
DA:156,0
DA:158,0
DA:171,0
DA:172,0
DA:173,0
DA:175,0
DA:178,0
DA:183,1
LF:51
LH:10
BRDA:63,1,0,0
BRDA:63,1,1,0
BRDA:67,2,0,0
BRDA:67,2,1,0
BRDA:81,3,0,0
BRDA:81,3,1,0
BRDA:85,4,0,0
BRDA:85,4,1,0
BRDA:145,5,0,0
BRDA:145,5,1,0
BRDA:172,6,0,0
BRDA:172,6,1,0
BRF:12
BRH:0
end_of_record
